2024-10-29 11:54:13,520 [Worker-6: Loading available Gradle versions] INFO  o.e.b.c.i.u.g.PublishedGradleVersions - Gradle version information cache is out-of-date. Trying to update.
2024-10-29 12:04:35,026 [Worker-4: Loading available Gradle versions] INFO  o.e.b.c.i.u.g.PublishedGradleVersions - Gradle version information cache is up-to-date. Trying to read.
2024-10-29 12:07:24,146 [Worker-5: Import Getting Started Content] INFO  o.e.m.c.i.l.LifecycleMappingFactory - Using org.eclipse.m2e.jdt.JarLifecycleMapping lifecycle mapping for MavenProject: com.employee:employee-service:0.0.1-SNAPSHOT @ D:\Employee Project\employee-service\pom.xml.
2024-10-29 12:07:27,992 [Worker-5: Import Getting Started Content] INFO  o.e.m.j.i.AbstractJavaProjectConfigurator - Adding source folder /employee-service/src/main/java
2024-10-29 12:07:28,010 [Worker-5: Import Getting Started Content] INFO  o.e.m.j.i.AbstractJavaProjectConfigurator - Adding resource folder /employee-service/src/main/resources
2024-10-29 12:07:28,040 [Worker-5: Import Getting Started Content] INFO  o.e.m.j.i.AbstractJavaProjectConfigurator - Adding resource folder /employee-service/src/main/resources
2024-10-29 12:07:28,052 [Worker-5: Import Getting Started Content] INFO  o.e.m.j.i.AbstractJavaProjectConfigurator - Adding source folder /employee-service/src/test/java
2024-10-29 12:07:28,054 [Worker-5: Import Getting Started Content] INFO  o.e.m.j.i.AbstractJavaProjectConfigurator - Adding resource folder /employee-service/src/test/resources
2024-10-29 12:07:29,634 [Worker-4: Download sources and javadoc] INFO  o.e.m.c.i.e.AbstractTransferListenerAdapter - Downloading https://repo.maven.apache.org/maven2/org/springframework/boot/spring-boot-starter-data-jpa/3.3.5/spring-boot-starter-data-jpa-3.3.5-sources.jar
2024-10-29 12:07:29,717 [Worker-4: Download sources and javadoc] INFO  o.e.m.c.i.e.AbstractTransferListenerAdapter - Downloaded https://repo.maven.apache.org/maven2/org/springframework/boot/spring-boot-starter-data-jpa/3.3.5/spring-boot-starter-data-jpa-3.3.5-sources.jar
2024-10-29 12:07:29,730 [Worker-4: Download sources and javadoc] INFO  o.e.m.j.internal.DownloadSourcesJob - Downloaded sources for org.springframework.boot:spring-boot-starter-data-jpa:3.3.5
2024-10-29 12:07:30,114 [Worker-4: Download sources and javadoc] INFO  o.e.m.c.i.e.AbstractTransferListenerAdapter - Downloading https://repo.maven.apache.org/maven2/org/springframework/boot/spring-boot-starter-aop/3.3.5/spring-boot-starter-aop-3.3.5-sources.jar
2024-10-29 12:07:30,172 [Worker-4: Download sources and javadoc] INFO  o.e.m.c.i.e.AbstractTransferListenerAdapter - Downloaded https://repo.maven.apache.org/maven2/org/springframework/boot/spring-boot-starter-aop/3.3.5/spring-boot-starter-aop-3.3.5-sources.jar
2024-10-29 12:07:30,175 [Worker-4: Download sources and javadoc] INFO  o.e.m.j.internal.DownloadSourcesJob - Downloaded sources for org.springframework.boot:spring-boot-starter-aop:3.3.5
2024-10-29 12:07:30,534 [Worker-4: Download sources and javadoc] INFO  o.e.m.c.i.e.AbstractTransferListenerAdapter - Downloading https://repo.maven.apache.org/maven2/org/springframework/spring-aop/6.1.14/spring-aop-6.1.14-sources.jar
2024-10-29 12:07:30,838 [Worker-4: Download sources and javadoc] INFO  o.e.m.c.i.e.AbstractTransferListenerAdapter - Downloaded https://repo.maven.apache.org/maven2/org/springframework/spring-aop/6.1.14/spring-aop-6.1.14-sources.jar
2024-10-29 12:07:30,841 [Worker-4: Download sources and javadoc] INFO  o.e.m.j.internal.DownloadSourcesJob - Downloaded sources for org.springframework:spring-aop:6.1.14
2024-10-29 12:07:31,348 [Worker-4: Download sources and javadoc] INFO  o.e.m.c.i.e.AbstractTransferListenerAdapter - Downloading https://repo.maven.apache.org/maven2/org/springframework/boot/spring-boot-starter-jdbc/3.3.5/spring-boot-starter-jdbc-3.3.5-sources.jar
2024-10-29 12:07:31,378 [Worker-4: Download sources and javadoc] INFO  o.e.m.c.i.e.AbstractTransferListenerAdapter - Downloaded https://repo.maven.apache.org/maven2/org/springframework/boot/spring-boot-starter-jdbc/3.3.5/spring-boot-starter-jdbc-3.3.5-sources.jar
2024-10-29 12:07:31,382 [Worker-4: Download sources and javadoc] INFO  o.e.m.j.internal.DownloadSourcesJob - Downloaded sources for org.springframework.boot:spring-boot-starter-jdbc:3.3.5
2024-10-29 12:07:31,456 [Worker-5: Import Getting Started Content] INFO  o.e.m.c.i.p.ProjectConfigurationManager - Imported and configured 1 project(s) in 11 sec
2024-10-29 12:07:31,459 [Worker-5: Import Getting Started Content] INFO  o.e.m.c.i.p.ProjectConfigurationManager - Update started
2024-10-29 12:07:31,862 [Worker-5: Import Getting Started Content] INFO  o.e.m.c.i.l.LifecycleMappingFactory - Using org.eclipse.m2e.jdt.JarLifecycleMapping lifecycle mapping for MavenProject: com.employee:employee-service:0.0.1-SNAPSHOT @ D:\Employee Project\employee-service\pom.xml.
2024-10-29 12:07:31,962 [Worker-4: Download sources and javadoc] INFO  o.e.m.c.i.e.AbstractTransferListenerAdapter - Downloading https://repo.maven.apache.org/maven2/org/springframework/spring-jdbc/6.1.14/spring-jdbc-6.1.14-sources.jar
2024-10-29 12:07:32,544 [Worker-4: Download sources and javadoc] INFO  o.e.m.c.i.e.AbstractTransferListenerAdapter - Downloaded https://repo.maven.apache.org/maven2/org/springframework/spring-jdbc/6.1.14/spring-jdbc-6.1.14-sources.jar
2024-10-29 12:07:32,550 [Worker-4: Download sources and javadoc] INFO  o.e.m.j.internal.DownloadSourcesJob - Downloaded sources for org.springframework:spring-jdbc:6.1.14
2024-10-29 12:07:32,691 [Worker-5: Import Getting Started Content] INFO  o.e.m.j.i.AbstractJavaProjectConfigurator - Adding source folder /employee-service/src/main/java
2024-10-29 12:07:32,692 [Worker-5: Import Getting Started Content] INFO  o.e.m.j.i.AbstractJavaProjectConfigurator - Adding resource folder /employee-service/src/main/resources
2024-10-29 12:07:32,693 [Worker-5: Import Getting Started Content] INFO  o.e.m.j.i.AbstractJavaProjectConfigurator - Adding resource folder /employee-service/src/main/resources
2024-10-29 12:07:32,694 [Worker-5: Import Getting Started Content] INFO  o.e.m.j.i.AbstractJavaProjectConfigurator - Adding source folder /employee-service/src/test/java
2024-10-29 12:07:32,694 [Worker-5: Import Getting Started Content] INFO  o.e.m.j.i.AbstractJavaProjectConfigurator - Adding resource folder /employee-service/src/test/resources
2024-10-29 12:07:32,769 [Worker-4: Download sources and javadoc] INFO  o.e.m.c.i.e.AbstractTransferListenerAdapter - Downloading https://repo.maven.apache.org/maven2/org/springframework/data/spring-data-jpa/3.3.5/spring-data-jpa-3.3.5-sources.jar
2024-10-29 12:07:33,354 [Worker-4: Download sources and javadoc] INFO  o.e.m.c.i.e.AbstractTransferListenerAdapter - Downloaded https://repo.maven.apache.org/maven2/org/springframework/data/spring-data-jpa/3.3.5/spring-data-jpa-3.3.5-sources.jar
2024-10-29 12:07:33,360 [Worker-4: Download sources and javadoc] INFO  o.e.m.j.internal.DownloadSourcesJob - Downloaded sources for org.springframework.data:spring-data-jpa:3.3.5
2024-10-29 12:07:33,393 [Worker-5: Import Getting Started Content] INFO  o.e.m.c.i.p.ProjectConfigurationManager - Update completed for 1 poms: local refresh takes 0.00 sec, refresh facades takes 1.00 sec, update config takes 0.00 sec 
2024-10-29 12:07:33,543 [Worker-4: Download sources and javadoc] INFO  o.e.m.c.i.e.AbstractTransferListenerAdapter - Downloading https://repo.maven.apache.org/maven2/org/springframework/data/spring-data-commons/3.3.5/spring-data-commons-3.3.5-sources.jar
2024-10-29 12:07:34,220 [Worker-4: Download sources and javadoc] INFO  o.e.m.c.i.e.AbstractTransferListenerAdapter - Downloaded https://repo.maven.apache.org/maven2/org/springframework/data/spring-data-commons/3.3.5/spring-data-commons-3.3.5-sources.jar
2024-10-29 12:07:34,224 [Worker-4: Download sources and javadoc] INFO  o.e.m.j.internal.DownloadSourcesJob - Downloaded sources for org.springframework.data:spring-data-commons:3.3.5
2024-10-29 12:07:34,244 [Worker-7: Building] INFO  o.a.m.s.f.DefaultMavenResourcesFiltering - Copying 1 resource from src\main\resources to target\classes
2024-10-29 12:07:34,259 [Worker-7: Building] INFO  o.a.m.s.f.DefaultMavenResourcesFiltering - Copying 0 resource from src\main\resources to target\classes
2024-10-29 12:07:34,263 [Worker-7: Building] INFO  o.a.m.s.f.DefaultMavenResourcesFiltering - skip non existing resourceDirectory D:\Employee Project\employee-service\src\test\resources
2024-10-29 12:07:35,335 [Worker-4: Download sources and javadoc] INFO  o.e.m.c.i.e.AbstractTransferListenerAdapter - Downloading https://repo.maven.apache.org/maven2/org/springframework/spring-orm/6.1.14/spring-orm-6.1.14-sources.jar
2024-10-29 12:07:35,695 [Worker-4: Download sources and javadoc] INFO  o.e.m.c.i.e.AbstractTransferListenerAdapter - Downloaded https://repo.maven.apache.org/maven2/org/springframework/spring-orm/6.1.14/spring-orm-6.1.14-sources.jar
2024-10-29 12:07:35,698 [Worker-4: Download sources and javadoc] INFO  o.e.m.j.internal.DownloadSourcesJob - Downloaded sources for org.springframework:spring-orm:6.1.14
2024-10-29 12:07:35,867 [Worker-4: Download sources and javadoc] INFO  o.e.m.c.i.e.AbstractTransferListenerAdapter - Downloading https://repo.maven.apache.org/maven2/org/springframework/spring-context/6.1.14/spring-context-6.1.14-sources.jar
2024-10-29 12:07:36,729 [Worker-4: Download sources and javadoc] INFO  o.e.m.c.i.e.AbstractTransferListenerAdapter - Downloaded https://repo.maven.apache.org/maven2/org/springframework/spring-context/6.1.14/spring-context-6.1.14-sources.jar
2024-10-29 12:07:36,736 [Worker-4: Download sources and javadoc] INFO  o.e.m.j.internal.DownloadSourcesJob - Downloaded sources for org.springframework:spring-context:6.1.14
2024-10-29 12:07:36,969 [Worker-4: Download sources and javadoc] INFO  o.e.m.c.i.e.AbstractTransferListenerAdapter - Downloading https://repo.maven.apache.org/maven2/org/springframework/spring-tx/6.1.14/spring-tx-6.1.14-sources.jar
2024-10-29 12:07:37,237 [Worker-4: Download sources and javadoc] INFO  o.e.m.c.i.e.AbstractTransferListenerAdapter - Downloaded https://repo.maven.apache.org/maven2/org/springframework/spring-tx/6.1.14/spring-tx-6.1.14-sources.jar
2024-10-29 12:07:37,244 [Worker-4: Download sources and javadoc] INFO  o.e.m.j.internal.DownloadSourcesJob - Downloaded sources for org.springframework:spring-tx:6.1.14
2024-10-29 12:07:37,433 [Worker-4: Download sources and javadoc] INFO  o.e.m.c.i.e.AbstractTransferListenerAdapter - Downloading https://repo.maven.apache.org/maven2/org/springframework/spring-beans/6.1.14/spring-beans-6.1.14-sources.jar
2024-10-29 12:07:38,048 [Worker-4: Download sources and javadoc] INFO  o.e.m.c.i.e.AbstractTransferListenerAdapter - Downloaded https://repo.maven.apache.org/maven2/org/springframework/spring-beans/6.1.14/spring-beans-6.1.14-sources.jar
2024-10-29 12:07:38,052 [Worker-4: Download sources and javadoc] INFO  o.e.m.j.internal.DownloadSourcesJob - Downloaded sources for org.springframework:spring-beans:6.1.14
2024-10-29 12:07:38,255 [Worker-4: Download sources and javadoc] INFO  o.e.m.c.i.e.AbstractTransferListenerAdapter - Downloading https://repo.maven.apache.org/maven2/org/springframework/spring-aspects/6.1.14/spring-aspects-6.1.14-sources.jar
2024-10-29 12:07:38,721 [Worker-4: Download sources and javadoc] INFO  o.e.m.c.i.e.AbstractTransferListenerAdapter - Downloaded https://repo.maven.apache.org/maven2/org/springframework/spring-aspects/6.1.14/spring-aspects-6.1.14-sources.jar
2024-10-29 12:07:38,726 [Worker-4: Download sources and javadoc] INFO  o.e.m.j.internal.DownloadSourcesJob - Downloaded sources for org.springframework:spring-aspects:6.1.14
2024-10-29 12:07:38,903 [Worker-4: Download sources and javadoc] INFO  o.e.m.c.i.e.AbstractTransferListenerAdapter - Downloading https://repo.maven.apache.org/maven2/org/springframework/boot/spring-boot-starter-web/3.3.5/spring-boot-starter-web-3.3.5-sources.jar
2024-10-29 12:07:38,954 [Worker-4: Download sources and javadoc] INFO  o.e.m.c.i.e.AbstractTransferListenerAdapter - Downloaded https://repo.maven.apache.org/maven2/org/springframework/boot/spring-boot-starter-web/3.3.5/spring-boot-starter-web-3.3.5-sources.jar
2024-10-29 12:07:38,960 [Worker-4: Download sources and javadoc] INFO  o.e.m.j.internal.DownloadSourcesJob - Downloaded sources for org.springframework.boot:spring-boot-starter-web:3.3.5
2024-10-29 12:07:39,150 [Worker-4: Download sources and javadoc] INFO  o.e.m.c.i.e.AbstractTransferListenerAdapter - Downloading https://repo.maven.apache.org/maven2/org/springframework/boot/spring-boot-starter/3.3.5/spring-boot-starter-3.3.5-sources.jar
2024-10-29 12:07:39,188 [Worker-4: Download sources and javadoc] INFO  o.e.m.c.i.e.AbstractTransferListenerAdapter - Downloaded https://repo.maven.apache.org/maven2/org/springframework/boot/spring-boot-starter/3.3.5/spring-boot-starter-3.3.5-sources.jar
2024-10-29 12:07:39,192 [Worker-4: Download sources and javadoc] INFO  o.e.m.j.internal.DownloadSourcesJob - Downloaded sources for org.springframework.boot:spring-boot-starter:3.3.5
2024-10-29 12:07:39,401 [Worker-4: Download sources and javadoc] INFO  o.e.m.c.i.e.AbstractTransferListenerAdapter - Downloading https://repo.maven.apache.org/maven2/org/springframework/boot/spring-boot/3.3.5/spring-boot-3.3.5-sources.jar
2024-10-29 12:07:40,157 [Worker-4: Download sources and javadoc] INFO  o.e.m.c.i.e.AbstractTransferListenerAdapter - Downloaded https://repo.maven.apache.org/maven2/org/springframework/boot/spring-boot/3.3.5/spring-boot-3.3.5-sources.jar
2024-10-29 12:07:40,164 [Worker-4: Download sources and javadoc] INFO  o.e.m.j.internal.DownloadSourcesJob - Downloaded sources for org.springframework.boot:spring-boot:3.3.5
2024-10-29 12:07:40,390 [Worker-4: Download sources and javadoc] INFO  o.e.m.c.i.e.AbstractTransferListenerAdapter - Downloading https://repo.maven.apache.org/maven2/org/springframework/boot/spring-boot-autoconfigure/3.3.5/spring-boot-autoconfigure-3.3.5-sources.jar
2024-10-29 12:07:41,133 [Worker-4: Download sources and javadoc] INFO  o.e.m.c.i.e.AbstractTransferListenerAdapter - Downloaded https://repo.maven.apache.org/maven2/org/springframework/boot/spring-boot-autoconfigure/3.3.5/spring-boot-autoconfigure-3.3.5-sources.jar
2024-10-29 12:07:41,138 [Worker-4: Download sources and javadoc] INFO  o.e.m.j.internal.DownloadSourcesJob - Downloaded sources for org.springframework.boot:spring-boot-autoconfigure:3.3.5
2024-10-29 12:07:41,378 [Worker-4: Download sources and javadoc] INFO  o.e.m.c.i.e.AbstractTransferListenerAdapter - Downloading https://repo.maven.apache.org/maven2/org/springframework/boot/spring-boot-starter-logging/3.3.5/spring-boot-starter-logging-3.3.5-sources.jar
2024-10-29 12:07:41,448 [Worker-4: Download sources and javadoc] INFO  o.e.m.c.i.e.AbstractTransferListenerAdapter - Downloaded https://repo.maven.apache.org/maven2/org/springframework/boot/spring-boot-starter-logging/3.3.5/spring-boot-starter-logging-3.3.5-sources.jar
2024-10-29 12:07:41,458 [Worker-4: Download sources and javadoc] INFO  o.e.m.j.internal.DownloadSourcesJob - Downloaded sources for org.springframework.boot:spring-boot-starter-logging:3.3.5
2024-10-29 12:07:41,709 [Worker-4: Download sources and javadoc] INFO  o.e.m.c.i.e.AbstractTransferListenerAdapter - Downloading https://repo.maven.apache.org/maven2/ch/qos/logback/logback-classic/1.5.11/logback-classic-1.5.11-sources.jar
2024-10-29 12:07:41,946 [Worker-4: Download sources and javadoc] INFO  o.e.m.c.i.e.AbstractTransferListenerAdapter - Downloaded https://repo.maven.apache.org/maven2/ch/qos/logback/logback-classic/1.5.11/logback-classic-1.5.11-sources.jar
2024-10-29 12:07:41,954 [Worker-4: Download sources and javadoc] INFO  o.e.m.j.internal.DownloadSourcesJob - Downloaded sources for ch.qos.logback:logback-classic:1.5.11
2024-10-29 12:07:42,174 [Worker-4: Download sources and javadoc] INFO  o.e.m.c.i.e.AbstractTransferListenerAdapter - Downloading https://repo.maven.apache.org/maven2/ch/qos/logback/logback-core/1.5.11/logback-core-1.5.11-sources.jar
2024-10-29 12:07:42,566 [Worker-4: Download sources and javadoc] INFO  o.e.m.c.i.e.AbstractTransferListenerAdapter - Downloaded https://repo.maven.apache.org/maven2/ch/qos/logback/logback-core/1.5.11/logback-core-1.5.11-sources.jar
2024-10-29 12:07:42,570 [Worker-4: Download sources and javadoc] INFO  o.e.m.j.internal.DownloadSourcesJob - Downloaded sources for ch.qos.logback:logback-core:1.5.11
2024-10-29 12:07:42,745 [Worker-4: Download sources and javadoc] INFO  o.e.m.c.i.e.AbstractTransferListenerAdapter - Downloading https://repo.maven.apache.org/maven2/org/springframework/boot/spring-boot-starter-json/3.3.5/spring-boot-starter-json-3.3.5-sources.jar
2024-10-29 12:07:42,791 [Worker-4: Download sources and javadoc] INFO  o.e.m.c.i.e.AbstractTransferListenerAdapter - Downloaded https://repo.maven.apache.org/maven2/org/springframework/boot/spring-boot-starter-json/3.3.5/spring-boot-starter-json-3.3.5-sources.jar
2024-10-29 12:07:42,794 [Worker-4: Download sources and javadoc] INFO  o.e.m.j.internal.DownloadSourcesJob - Downloaded sources for org.springframework.boot:spring-boot-starter-json:3.3.5
2024-10-29 12:07:43,029 [Worker-4: Download sources and javadoc] INFO  o.e.m.c.i.e.AbstractTransferListenerAdapter - Downloading https://repo.maven.apache.org/maven2/org/springframework/boot/spring-boot-starter-tomcat/3.3.5/spring-boot-starter-tomcat-3.3.5-sources.jar
2024-10-29 12:07:43,074 [Worker-4: Download sources and javadoc] INFO  o.e.m.c.i.e.AbstractTransferListenerAdapter - Downloaded https://repo.maven.apache.org/maven2/org/springframework/boot/spring-boot-starter-tomcat/3.3.5/spring-boot-starter-tomcat-3.3.5-sources.jar
2024-10-29 12:07:43,077 [Worker-4: Download sources and javadoc] INFO  o.e.m.j.internal.DownloadSourcesJob - Downloaded sources for org.springframework.boot:spring-boot-starter-tomcat:3.3.5
2024-10-29 12:07:43,269 [Worker-4: Download sources and javadoc] INFO  o.e.m.c.i.e.AbstractTransferListenerAdapter - Downloading https://repo.maven.apache.org/maven2/org/apache/tomcat/embed/tomcat-embed-core/10.1.31/tomcat-embed-core-10.1.31-sources.jar
2024-10-29 12:07:44,836 [Worker-4: Download sources and javadoc] INFO  o.e.m.c.i.e.AbstractTransferListenerAdapter - Downloaded https://repo.maven.apache.org/maven2/org/apache/tomcat/embed/tomcat-embed-core/10.1.31/tomcat-embed-core-10.1.31-sources.jar
2024-10-29 12:07:44,840 [Worker-4: Download sources and javadoc] INFO  o.e.m.j.internal.DownloadSourcesJob - Downloaded sources for org.apache.tomcat.embed:tomcat-embed-core:10.1.31
2024-10-29 12:07:45,014 [Worker-4: Download sources and javadoc] INFO  o.e.m.c.i.e.AbstractTransferListenerAdapter - Downloading https://repo.maven.apache.org/maven2/org/apache/tomcat/embed/tomcat-embed-el/10.1.31/tomcat-embed-el-10.1.31-sources.jar
2024-10-29 12:07:45,234 [Worker-4: Download sources and javadoc] INFO  o.e.m.c.i.e.AbstractTransferListenerAdapter - Downloaded https://repo.maven.apache.org/maven2/org/apache/tomcat/embed/tomcat-embed-el/10.1.31/tomcat-embed-el-10.1.31-sources.jar
2024-10-29 12:07:45,237 [Worker-4: Download sources and javadoc] INFO  o.e.m.j.internal.DownloadSourcesJob - Downloaded sources for org.apache.tomcat.embed:tomcat-embed-el:10.1.31
2024-10-29 12:07:45,409 [Worker-4: Download sources and javadoc] INFO  o.e.m.c.i.e.AbstractTransferListenerAdapter - Downloading https://repo.maven.apache.org/maven2/org/apache/tomcat/embed/tomcat-embed-websocket/10.1.31/tomcat-embed-websocket-10.1.31-sources.jar
2024-10-29 12:07:45,617 [Worker-4: Download sources and javadoc] INFO  o.e.m.c.i.e.AbstractTransferListenerAdapter - Downloaded https://repo.maven.apache.org/maven2/org/apache/tomcat/embed/tomcat-embed-websocket/10.1.31/tomcat-embed-websocket-10.1.31-sources.jar
2024-10-29 12:07:45,620 [Worker-4: Download sources and javadoc] INFO  o.e.m.j.internal.DownloadSourcesJob - Downloaded sources for org.apache.tomcat.embed:tomcat-embed-websocket:10.1.31
2024-10-29 12:07:45,834 [Worker-4: Download sources and javadoc] INFO  o.e.m.c.i.e.AbstractTransferListenerAdapter - Downloading https://repo.maven.apache.org/maven2/org/springframework/spring-web/6.1.14/spring-web-6.1.14-sources.jar
2024-10-29 12:07:46,458 [Worker-4: Download sources and javadoc] INFO  o.e.m.c.i.e.AbstractTransferListenerAdapter - Downloaded https://repo.maven.apache.org/maven2/org/springframework/spring-web/6.1.14/spring-web-6.1.14-sources.jar
2024-10-29 12:07:46,462 [Worker-4: Download sources and javadoc] INFO  o.e.m.j.internal.DownloadSourcesJob - Downloaded sources for org.springframework:spring-web:6.1.14
2024-10-29 12:07:46,643 [Worker-4: Download sources and javadoc] INFO  o.e.m.c.i.e.AbstractTransferListenerAdapter - Downloading https://repo.maven.apache.org/maven2/io/micrometer/micrometer-observation/1.13.6/micrometer-observation-1.13.6-sources.jar
2024-10-29 12:07:46,762 [Worker-4: Download sources and javadoc] INFO  o.e.m.c.i.e.AbstractTransferListenerAdapter - Downloaded https://repo.maven.apache.org/maven2/io/micrometer/micrometer-observation/1.13.6/micrometer-observation-1.13.6-sources.jar
2024-10-29 12:07:46,767 [Worker-4: Download sources and javadoc] INFO  o.e.m.j.internal.DownloadSourcesJob - Downloaded sources for io.micrometer:micrometer-observation:1.13.6
2024-10-29 12:07:46,956 [Worker-4: Download sources and javadoc] INFO  o.e.m.c.i.e.AbstractTransferListenerAdapter - Downloading https://repo.maven.apache.org/maven2/io/micrometer/micrometer-commons/1.13.6/micrometer-commons-1.13.6-sources.jar
2024-10-29 12:07:47,417 [Worker-4: Download sources and javadoc] INFO  o.e.m.c.i.e.AbstractTransferListenerAdapter - Downloaded https://repo.maven.apache.org/maven2/io/micrometer/micrometer-commons/1.13.6/micrometer-commons-1.13.6-sources.jar
2024-10-29 12:07:47,422 [Worker-4: Download sources and javadoc] INFO  o.e.m.j.internal.DownloadSourcesJob - Downloaded sources for io.micrometer:micrometer-commons:1.13.6
2024-10-29 12:07:47,612 [Worker-4: Download sources and javadoc] INFO  o.e.m.c.i.e.AbstractTransferListenerAdapter - Downloading https://repo.maven.apache.org/maven2/org/springframework/spring-webmvc/6.1.14/spring-webmvc-6.1.14-sources.jar
2024-10-29 12:07:48,070 [Worker-4: Download sources and javadoc] INFO  o.e.m.c.i.e.AbstractTransferListenerAdapter - Downloaded https://repo.maven.apache.org/maven2/org/springframework/spring-webmvc/6.1.14/spring-webmvc-6.1.14-sources.jar
2024-10-29 12:07:48,074 [Worker-4: Download sources and javadoc] INFO  o.e.m.j.internal.DownloadSourcesJob - Downloaded sources for org.springframework:spring-webmvc:6.1.14
2024-10-29 12:07:48,242 [Worker-4: Download sources and javadoc] INFO  o.e.m.c.i.e.AbstractTransferListenerAdapter - Downloading https://repo.maven.apache.org/maven2/org/springframework/spring-expression/6.1.14/spring-expression-6.1.14-sources.jar
2024-10-29 12:07:48,507 [Worker-4: Download sources and javadoc] INFO  o.e.m.c.i.e.AbstractTransferListenerAdapter - Downloaded https://repo.maven.apache.org/maven2/org/springframework/spring-expression/6.1.14/spring-expression-6.1.14-sources.jar
2024-10-29 12:07:48,510 [Worker-4: Download sources and javadoc] INFO  o.e.m.j.internal.DownloadSourcesJob - Downloaded sources for org.springframework:spring-expression:6.1.14
2024-10-29 12:07:48,690 [Worker-4: Download sources and javadoc] INFO  o.e.m.c.i.e.AbstractTransferListenerAdapter - Downloading https://repo.maven.apache.org/maven2/org/postgresql/postgresql/42.7.4/postgresql-42.7.4-sources.jar
2024-10-29 12:07:49,063 [Worker-4: Download sources and javadoc] INFO  o.e.m.c.i.e.AbstractTransferListenerAdapter - Downloaded https://repo.maven.apache.org/maven2/org/postgresql/postgresql/42.7.4/postgresql-42.7.4-sources.jar
2024-10-29 12:07:49,068 [Worker-4: Download sources and javadoc] INFO  o.e.m.j.internal.DownloadSourcesJob - Downloaded sources for org.postgresql:postgresql:42.7.4
2024-10-29 12:07:49,284 [Worker-4: Download sources and javadoc] INFO  o.e.m.c.i.e.AbstractTransferListenerAdapter - Downloading https://repo.maven.apache.org/maven2/org/checkerframework/checker-qual/3.42.0/checker-qual-3.42.0-sources.jar
2024-10-29 12:07:49,474 [Worker-4: Download sources and javadoc] INFO  o.e.m.c.i.e.AbstractTransferListenerAdapter - Downloaded https://repo.maven.apache.org/maven2/org/checkerframework/checker-qual/3.42.0/checker-qual-3.42.0-sources.jar
2024-10-29 12:07:49,477 [Worker-4: Download sources and javadoc] INFO  o.e.m.j.internal.DownloadSourcesJob - Downloaded sources for org.checkerframework:checker-qual:3.42.0
2024-10-29 12:07:49,644 [Worker-4: Download sources and javadoc] INFO  o.e.m.c.i.e.AbstractTransferListenerAdapter - Downloading https://repo.maven.apache.org/maven2/org/springframework/boot/spring-boot-starter-test/3.3.5/spring-boot-starter-test-3.3.5-sources.jar
2024-10-29 12:07:49,710 [Worker-4: Download sources and javadoc] INFO  o.e.m.c.i.e.AbstractTransferListenerAdapter - Downloaded https://repo.maven.apache.org/maven2/org/springframework/boot/spring-boot-starter-test/3.3.5/spring-boot-starter-test-3.3.5-sources.jar
2024-10-29 12:07:49,714 [Worker-4: Download sources and javadoc] INFO  o.e.m.j.internal.DownloadSourcesJob - Downloaded sources for org.springframework.boot:spring-boot-starter-test:3.3.5
2024-10-29 12:07:49,931 [Worker-4: Download sources and javadoc] INFO  o.e.m.c.i.e.AbstractTransferListenerAdapter - Downloading https://repo.maven.apache.org/maven2/org/springframework/boot/spring-boot-test/3.3.5/spring-boot-test-3.3.5-sources.jar
2024-10-29 12:07:50,087 [Worker-4: Download sources and javadoc] INFO  o.e.m.c.i.e.AbstractTransferListenerAdapter - Downloaded https://repo.maven.apache.org/maven2/org/springframework/boot/spring-boot-test/3.3.5/spring-boot-test-3.3.5-sources.jar
2024-10-29 12:07:50,090 [Worker-4: Download sources and javadoc] INFO  o.e.m.j.internal.DownloadSourcesJob - Downloaded sources for org.springframework.boot:spring-boot-test:3.3.5
2024-10-29 12:07:50,261 [Worker-4: Download sources and javadoc] INFO  o.e.m.c.i.e.AbstractTransferListenerAdapter - Downloading https://repo.maven.apache.org/maven2/org/springframework/boot/spring-boot-test-autoconfigure/3.3.5/spring-boot-test-autoconfigure-3.3.5-sources.jar
2024-10-29 12:07:50,438 [Worker-4: Download sources and javadoc] INFO  o.e.m.c.i.e.AbstractTransferListenerAdapter - Downloaded https://repo.maven.apache.org/maven2/org/springframework/boot/spring-boot-test-autoconfigure/3.3.5/spring-boot-test-autoconfigure-3.3.5-sources.jar
2024-10-29 12:07:50,441 [Worker-4: Download sources and javadoc] INFO  o.e.m.j.internal.DownloadSourcesJob - Downloaded sources for org.springframework.boot:spring-boot-test-autoconfigure:3.3.5
2024-10-29 12:07:50,636 [Worker-4: Download sources and javadoc] INFO  o.e.m.c.i.e.AbstractTransferListenerAdapter - Downloading https://repo.maven.apache.org/maven2/org/junit/jupiter/junit-jupiter/5.10.5/junit-jupiter-5.10.5-sources.jar
2024-10-29 12:07:50,678 [Worker-4: Download sources and javadoc] INFO  o.e.m.c.i.e.AbstractTransferListenerAdapter - Downloaded https://repo.maven.apache.org/maven2/org/junit/jupiter/junit-jupiter/5.10.5/junit-jupiter-5.10.5-sources.jar
2024-10-29 12:07:50,682 [Worker-4: Download sources and javadoc] INFO  o.e.m.j.internal.DownloadSourcesJob - Downloaded sources for org.junit.jupiter:junit-jupiter:5.10.5
2024-10-29 12:07:50,823 [Worker-4: Download sources and javadoc] INFO  o.e.m.c.i.e.AbstractTransferListenerAdapter - Downloading https://repo.maven.apache.org/maven2/org/junit/jupiter/junit-jupiter-api/5.10.5/junit-jupiter-api-5.10.5-sources.jar
2024-10-29 12:07:50,978 [Worker-4: Download sources and javadoc] INFO  o.e.m.c.i.e.AbstractTransferListenerAdapter - Downloaded https://repo.maven.apache.org/maven2/org/junit/jupiter/junit-jupiter-api/5.10.5/junit-jupiter-api-5.10.5-sources.jar
2024-10-29 12:07:50,982 [Worker-4: Download sources and javadoc] INFO  o.e.m.j.internal.DownloadSourcesJob - Downloaded sources for org.junit.jupiter:junit-jupiter-api:5.10.5
2024-10-29 12:07:51,151 [Worker-4: Download sources and javadoc] INFO  o.e.m.c.i.e.AbstractTransferListenerAdapter - Downloading https://repo.maven.apache.org/maven2/org/junit/platform/junit-platform-commons/1.10.5/junit-platform-commons-1.10.5-sources.jar
2024-10-29 12:07:51,302 [Worker-4: Download sources and javadoc] INFO  o.e.m.c.i.e.AbstractTransferListenerAdapter - Downloaded https://repo.maven.apache.org/maven2/org/junit/platform/junit-platform-commons/1.10.5/junit-platform-commons-1.10.5-sources.jar
2024-10-29 12:07:51,305 [Worker-4: Download sources and javadoc] INFO  o.e.m.j.internal.DownloadSourcesJob - Downloaded sources for org.junit.platform:junit-platform-commons:1.10.5
2024-10-29 12:07:51,482 [Worker-4: Download sources and javadoc] INFO  o.e.m.c.i.e.AbstractTransferListenerAdapter - Downloading https://repo.maven.apache.org/maven2/org/junit/jupiter/junit-jupiter-params/5.10.5/junit-jupiter-params-5.10.5-sources.jar
2024-10-29 12:07:51,568 [Worker-4: Download sources and javadoc] INFO  o.e.m.c.i.e.AbstractTransferListenerAdapter - Downloaded https://repo.maven.apache.org/maven2/org/junit/jupiter/junit-jupiter-params/5.10.5/junit-jupiter-params-5.10.5-sources.jar
2024-10-29 12:07:51,570 [Worker-4: Download sources and javadoc] INFO  o.e.m.j.internal.DownloadSourcesJob - Downloaded sources for org.junit.jupiter:junit-jupiter-params:5.10.5
2024-10-29 12:07:51,768 [Worker-4: Download sources and javadoc] INFO  o.e.m.c.i.e.AbstractTransferListenerAdapter - Downloading https://repo.maven.apache.org/maven2/org/junit/jupiter/junit-jupiter-engine/5.10.5/junit-jupiter-engine-5.10.5-sources.jar
2024-10-29 12:07:51,915 [Worker-4: Download sources and javadoc] INFO  o.e.m.c.i.e.AbstractTransferListenerAdapter - Downloaded https://repo.maven.apache.org/maven2/org/junit/jupiter/junit-jupiter-engine/5.10.5/junit-jupiter-engine-5.10.5-sources.jar
2024-10-29 12:07:51,918 [Worker-4: Download sources and javadoc] INFO  o.e.m.j.internal.DownloadSourcesJob - Downloaded sources for org.junit.jupiter:junit-jupiter-engine:5.10.5
2024-10-29 12:07:52,103 [Worker-4: Download sources and javadoc] INFO  o.e.m.c.i.e.AbstractTransferListenerAdapter - Downloading https://repo.maven.apache.org/maven2/org/junit/platform/junit-platform-engine/1.10.5/junit-platform-engine-1.10.5-sources.jar
2024-10-29 12:07:52,229 [Worker-4: Download sources and javadoc] INFO  o.e.m.c.i.e.AbstractTransferListenerAdapter - Downloaded https://repo.maven.apache.org/maven2/org/junit/platform/junit-platform-engine/1.10.5/junit-platform-engine-1.10.5-sources.jar
2024-10-29 12:07:52,233 [Worker-4: Download sources and javadoc] INFO  o.e.m.j.internal.DownloadSourcesJob - Downloaded sources for org.junit.platform:junit-platform-engine:1.10.5
2024-10-29 12:07:52,417 [Worker-4: Download sources and javadoc] INFO  o.e.m.c.i.e.AbstractTransferListenerAdapter - Downloading https://repo.maven.apache.org/maven2/org/springframework/spring-core/6.1.14/spring-core-6.1.14-sources.jar
2024-10-29 12:07:53,255 [Worker-4: Download sources and javadoc] INFO  o.e.m.c.i.e.AbstractTransferListenerAdapter - Downloaded https://repo.maven.apache.org/maven2/org/springframework/spring-core/6.1.14/spring-core-6.1.14-sources.jar
2024-10-29 12:07:53,258 [Worker-4: Download sources and javadoc] INFO  o.e.m.j.internal.DownloadSourcesJob - Downloaded sources for org.springframework:spring-core:6.1.14
2024-10-29 12:07:53,447 [Worker-4: Download sources and javadoc] INFO  o.e.m.c.i.e.AbstractTransferListenerAdapter - Downloading https://repo.maven.apache.org/maven2/org/springframework/spring-jcl/6.1.14/spring-jcl-6.1.14-sources.jar
2024-10-29 12:07:53,577 [Worker-4: Download sources and javadoc] INFO  o.e.m.c.i.e.AbstractTransferListenerAdapter - Downloaded https://repo.maven.apache.org/maven2/org/springframework/spring-jcl/6.1.14/spring-jcl-6.1.14-sources.jar
2024-10-29 12:07:53,579 [Worker-4: Download sources and javadoc] INFO  o.e.m.j.internal.DownloadSourcesJob - Downloaded sources for org.springframework:spring-jcl:6.1.14
2024-10-29 12:07:53,745 [Worker-4: Download sources and javadoc] INFO  o.e.m.c.i.e.AbstractTransferListenerAdapter - Downloading https://repo.maven.apache.org/maven2/org/springframework/spring-test/6.1.14/spring-test-6.1.14-sources.jar
2024-10-29 12:07:54,131 [Worker-4: Download sources and javadoc] INFO  o.e.m.c.i.e.AbstractTransferListenerAdapter - Downloaded https://repo.maven.apache.org/maven2/org/springframework/spring-test/6.1.14/spring-test-6.1.14-sources.jar
2024-10-29 12:07:54,134 [Worker-4: Download sources and javadoc] INFO  o.e.m.j.internal.DownloadSourcesJob - Downloaded sources for org.springframework:spring-test:6.1.14
2024-10-29 12:08:43,606 [Worker-8: Launching Executing install in D__Employee Project_employee-service] INFO  o.eclipse.m2e.core.internal.Bundles - getClasspathEntries(Bundle=org.eclipse.m2e.maven.runtime_3.9.700.20240602-2313 [359])
2024-10-29 12:08:43,606 [Worker-8: Launching Executing install in D__Employee Project_employee-service] INFO  o.eclipse.m2e.core.internal.Bundles - 	Entry: D:\downloads\sts-4.24.0.RELEASE\plugins\org.eclipse.m2e.maven.runtime_3.9.700.20240602-2313
2024-10-29 12:08:43,607 [Worker-8: Launching Executing install in D__Employee Project_employee-service] INFO  o.eclipse.m2e.core.internal.Bundles - 	Entry: D:\downloads\sts-4.24.0.RELEASE\plugins\org.eclipse.m2e.maven.runtime_3.9.700.20240602-2313\jars\aopalliance-1.0.jar
2024-10-29 12:08:43,607 [Worker-8: Launching Executing install in D__Employee Project_employee-service] INFO  o.eclipse.m2e.core.internal.Bundles - 	Entry: D:\downloads\sts-4.24.0.RELEASE\plugins\org.eclipse.m2e.maven.runtime_3.9.700.20240602-2313\jars\guice-5.1.0.jar
2024-10-29 12:08:43,607 [Worker-8: Launching Executing install in D__Employee Project_employee-service] INFO  o.eclipse.m2e.core.internal.Bundles - 	Entry: D:\downloads\sts-4.24.0.RELEASE\plugins\org.eclipse.m2e.maven.runtime_3.9.700.20240602-2313\jars\httpclient-4.5.14.jar
2024-10-29 12:08:43,607 [Worker-8: Launching Executing install in D__Employee Project_employee-service] INFO  o.eclipse.m2e.core.internal.Bundles - 	Entry: D:\downloads\sts-4.24.0.RELEASE\plugins\org.eclipse.m2e.maven.runtime_3.9.700.20240602-2313\jars\httpcore-4.4.16.jar
2024-10-29 12:08:43,607 [Worker-8: Launching Executing install in D__Employee Project_employee-service] INFO  o.eclipse.m2e.core.internal.Bundles - 	Entry: D:\downloads\sts-4.24.0.RELEASE\plugins\org.eclipse.m2e.maven.runtime_3.9.700.20240602-2313\jars\jansi-2.4.1.jar
2024-10-29 12:08:43,607 [Worker-8: Launching Executing install in D__Employee Project_employee-service] INFO  o.eclipse.m2e.core.internal.Bundles - 	Entry: D:\downloads\sts-4.24.0.RELEASE\plugins\org.eclipse.m2e.maven.runtime_3.9.700.20240602-2313\jars\jcl-over-slf4j-1.7.36.jar
2024-10-29 12:08:43,607 [Worker-8: Launching Executing install in D__Employee Project_employee-service] INFO  o.eclipse.m2e.core.internal.Bundles - 	Entry: D:\downloads\sts-4.24.0.RELEASE\plugins\org.eclipse.m2e.maven.runtime_3.9.700.20240602-2313\jars\maven-artifact-3.9.7.jar
2024-10-29 12:08:43,607 [Worker-8: Launching Executing install in D__Employee Project_employee-service] INFO  o.eclipse.m2e.core.internal.Bundles - 	Entry: D:\downloads\sts-4.24.0.RELEASE\plugins\org.eclipse.m2e.maven.runtime_3.9.700.20240602-2313\jars\maven-builder-support-3.9.7.jar
2024-10-29 12:08:43,607 [Worker-8: Launching Executing install in D__Employee Project_employee-service] INFO  o.eclipse.m2e.core.internal.Bundles - 	Entry: D:\downloads\sts-4.24.0.RELEASE\plugins\org.eclipse.m2e.maven.runtime_3.9.700.20240602-2313\jars\maven-compat-3.9.7.jar
2024-10-29 12:08:43,607 [Worker-8: Launching Executing install in D__Employee Project_employee-service] INFO  o.eclipse.m2e.core.internal.Bundles - 	Entry: D:\downloads\sts-4.24.0.RELEASE\plugins\org.eclipse.m2e.maven.runtime_3.9.700.20240602-2313\jars\maven-core-3.9.7.jar
2024-10-29 12:08:43,607 [Worker-8: Launching Executing install in D__Employee Project_employee-service] INFO  o.eclipse.m2e.core.internal.Bundles - 	Entry: D:\downloads\sts-4.24.0.RELEASE\plugins\org.eclipse.m2e.maven.runtime_3.9.700.20240602-2313\jars\maven-embedder-3.9.7.jar
2024-10-29 12:08:43,607 [Worker-8: Launching Executing install in D__Employee Project_employee-service] INFO  o.eclipse.m2e.core.internal.Bundles - 	Entry: D:\downloads\sts-4.24.0.RELEASE\plugins\org.eclipse.m2e.maven.runtime_3.9.700.20240602-2313\jars\maven-model-3.9.7.jar
2024-10-29 12:08:43,607 [Worker-8: Launching Executing install in D__Employee Project_employee-service] INFO  o.eclipse.m2e.core.internal.Bundles - 	Entry: D:\downloads\sts-4.24.0.RELEASE\plugins\org.eclipse.m2e.maven.runtime_3.9.700.20240602-2313\jars\maven-model-builder-3.9.7.jar
2024-10-29 12:08:43,607 [Worker-8: Launching Executing install in D__Employee Project_employee-service] INFO  o.eclipse.m2e.core.internal.Bundles - 	Entry: D:\downloads\sts-4.24.0.RELEASE\plugins\org.eclipse.m2e.maven.runtime_3.9.700.20240602-2313\jars\maven-plugin-api-3.9.7.jar
2024-10-29 12:08:43,607 [Worker-8: Launching Executing install in D__Employee Project_employee-service] INFO  o.eclipse.m2e.core.internal.Bundles - 	Entry: D:\downloads\sts-4.24.0.RELEASE\plugins\org.eclipse.m2e.maven.runtime_3.9.700.20240602-2313\jars\maven-repository-metadata-3.9.7.jar
2024-10-29 12:08:43,607 [Worker-8: Launching Executing install in D__Employee Project_employee-service] INFO  o.eclipse.m2e.core.internal.Bundles - 	Entry: D:\downloads\sts-4.24.0.RELEASE\plugins\org.eclipse.m2e.maven.runtime_3.9.700.20240602-2313\jars\maven-resolver-api-1.9.20.jar
2024-10-29 12:08:43,607 [Worker-8: Launching Executing install in D__Employee Project_employee-service] INFO  o.eclipse.m2e.core.internal.Bundles - 	Entry: D:\downloads\sts-4.24.0.RELEASE\plugins\org.eclipse.m2e.maven.runtime_3.9.700.20240602-2313\jars\maven-resolver-connector-basic-1.9.20.jar
2024-10-29 12:08:43,607 [Worker-8: Launching Executing install in D__Employee Project_employee-service] INFO  o.eclipse.m2e.core.internal.Bundles - 	Entry: D:\downloads\sts-4.24.0.RELEASE\plugins\org.eclipse.m2e.maven.runtime_3.9.700.20240602-2313\jars\maven-resolver-impl-1.9.20.jar
2024-10-29 12:08:43,607 [Worker-8: Launching Executing install in D__Employee Project_employee-service] INFO  o.eclipse.m2e.core.internal.Bundles - 	Entry: D:\downloads\sts-4.24.0.RELEASE\plugins\org.eclipse.m2e.maven.runtime_3.9.700.20240602-2313\jars\maven-resolver-named-locks-1.9.20.jar
2024-10-29 12:08:43,607 [Worker-8: Launching Executing install in D__Employee Project_employee-service] INFO  o.eclipse.m2e.core.internal.Bundles - 	Entry: D:\downloads\sts-4.24.0.RELEASE\plugins\org.eclipse.m2e.maven.runtime_3.9.700.20240602-2313\jars\maven-resolver-provider-3.9.7.jar
2024-10-29 12:08:43,607 [Worker-8: Launching Executing install in D__Employee Project_employee-service] INFO  o.eclipse.m2e.core.internal.Bundles - 	Entry: D:\downloads\sts-4.24.0.RELEASE\plugins\org.eclipse.m2e.maven.runtime_3.9.700.20240602-2313\jars\maven-resolver-spi-1.9.20.jar
2024-10-29 12:08:43,608 [Worker-8: Launching Executing install in D__Employee Project_employee-service] INFO  o.eclipse.m2e.core.internal.Bundles - 	Entry: D:\downloads\sts-4.24.0.RELEASE\plugins\org.eclipse.m2e.maven.runtime_3.9.700.20240602-2313\jars\maven-resolver-transport-file-1.9.20.jar
2024-10-29 12:08:43,608 [Worker-8: Launching Executing install in D__Employee Project_employee-service] INFO  o.eclipse.m2e.core.internal.Bundles - 	Entry: D:\downloads\sts-4.24.0.RELEASE\plugins\org.eclipse.m2e.maven.runtime_3.9.700.20240602-2313\jars\maven-resolver-transport-http-1.9.20.jar
2024-10-29 12:08:43,608 [Worker-8: Launching Executing install in D__Employee Project_employee-service] INFO  o.eclipse.m2e.core.internal.Bundles - 	Entry: D:\downloads\sts-4.24.0.RELEASE\plugins\org.eclipse.m2e.maven.runtime_3.9.700.20240602-2313\jars\maven-resolver-transport-wagon-1.9.20.jar
2024-10-29 12:08:43,608 [Worker-8: Launching Executing install in D__Employee Project_employee-service] INFO  o.eclipse.m2e.core.internal.Bundles - 	Entry: D:\downloads\sts-4.24.0.RELEASE\plugins\org.eclipse.m2e.maven.runtime_3.9.700.20240602-2313\jars\maven-resolver-util-1.9.20.jar
2024-10-29 12:08:43,608 [Worker-8: Launching Executing install in D__Employee Project_employee-service] INFO  o.eclipse.m2e.core.internal.Bundles - 	Entry: D:\downloads\sts-4.24.0.RELEASE\plugins\org.eclipse.m2e.maven.runtime_3.9.700.20240602-2313\jars\maven-settings-3.9.7.jar
2024-10-29 12:08:43,608 [Worker-8: Launching Executing install in D__Employee Project_employee-service] INFO  o.eclipse.m2e.core.internal.Bundles - 	Entry: D:\downloads\sts-4.24.0.RELEASE\plugins\org.eclipse.m2e.maven.runtime_3.9.700.20240602-2313\jars\maven-settings-builder-3.9.7.jar
2024-10-29 12:08:43,608 [Worker-8: Launching Executing install in D__Employee Project_employee-service] INFO  o.eclipse.m2e.core.internal.Bundles - 	Entry: D:\downloads\sts-4.24.0.RELEASE\plugins\org.eclipse.m2e.maven.runtime_3.9.700.20240602-2313\jars\maven-shared-utils-3.4.2.jar
2024-10-29 12:08:43,608 [Worker-8: Launching Executing install in D__Employee Project_employee-service] INFO  o.eclipse.m2e.core.internal.Bundles - 	Entry: D:\downloads\sts-4.24.0.RELEASE\plugins\org.eclipse.m2e.maven.runtime_3.9.700.20240602-2313\jars\org.eclipse.sisu.inject-0.9.0.M2.jar
2024-10-29 12:08:43,608 [Worker-8: Launching Executing install in D__Employee Project_employee-service] INFO  o.eclipse.m2e.core.internal.Bundles - 	Entry: D:\downloads\sts-4.24.0.RELEASE\plugins\org.eclipse.m2e.maven.runtime_3.9.700.20240602-2313\jars\org.eclipse.sisu.plexus-0.9.0.M2.jar
2024-10-29 12:08:43,608 [Worker-8: Launching Executing install in D__Employee Project_employee-service] INFO  o.eclipse.m2e.core.internal.Bundles - 	Entry: D:\downloads\sts-4.24.0.RELEASE\plugins\org.eclipse.m2e.maven.runtime_3.9.700.20240602-2313\jars\plexus-build-api-0.0.7.jar
2024-10-29 12:08:43,608 [Worker-8: Launching Executing install in D__Employee Project_employee-service] INFO  o.eclipse.m2e.core.internal.Bundles - 	Entry: D:\downloads\sts-4.24.0.RELEASE\plugins\org.eclipse.m2e.maven.runtime_3.9.700.20240602-2313\jars\plexus-build-api-1.2.0.jar
2024-10-29 12:08:43,608 [Worker-8: Launching Executing install in D__Employee Project_employee-service] INFO  o.eclipse.m2e.core.internal.Bundles - 	Entry: D:\downloads\sts-4.24.0.RELEASE\plugins\org.eclipse.m2e.maven.runtime_3.9.700.20240602-2313\jars\plexus-cipher-2.0.jar
2024-10-29 12:08:43,608 [Worker-8: Launching Executing install in D__Employee Project_employee-service] INFO  o.eclipse.m2e.core.internal.Bundles - 	Entry: D:\downloads\sts-4.24.0.RELEASE\plugins\org.eclipse.m2e.maven.runtime_3.9.700.20240602-2313\jars\plexus-classworlds-2.8.0.jar
2024-10-29 12:08:43,608 [Worker-8: Launching Executing install in D__Employee Project_employee-service] INFO  o.eclipse.m2e.core.internal.Bundles - 	Entry: D:\downloads\sts-4.24.0.RELEASE\plugins\org.eclipse.m2e.maven.runtime_3.9.700.20240602-2313\jars\plexus-component-annotations-2.1.0.jar
2024-10-29 12:08:43,608 [Worker-8: Launching Executing install in D__Employee Project_employee-service] INFO  o.eclipse.m2e.core.internal.Bundles - 	Entry: D:\downloads\sts-4.24.0.RELEASE\plugins\org.eclipse.m2e.maven.runtime_3.9.700.20240602-2313\jars\plexus-interpolation-1.27.jar
2024-10-29 12:08:43,608 [Worker-8: Launching Executing install in D__Employee Project_employee-service] INFO  o.eclipse.m2e.core.internal.Bundles - 	Entry: D:\downloads\sts-4.24.0.RELEASE\plugins\org.eclipse.m2e.maven.runtime_3.9.700.20240602-2313\jars\plexus-sec-dispatcher-2.0.jar
2024-10-29 12:08:43,608 [Worker-8: Launching Executing install in D__Employee Project_employee-service] INFO  o.eclipse.m2e.core.internal.Bundles - 	Entry: D:\downloads\sts-4.24.0.RELEASE\plugins\org.eclipse.m2e.maven.runtime_3.9.700.20240602-2313\jars\plexus-utils-3.5.1.jar
2024-10-29 12:08:43,608 [Worker-8: Launching Executing install in D__Employee Project_employee-service] INFO  o.eclipse.m2e.core.internal.Bundles - 	Entry: D:\downloads\sts-4.24.0.RELEASE\plugins\org.eclipse.m2e.maven.runtime_3.9.700.20240602-2313\jars\wagon-file-3.5.3.jar
2024-10-29 12:08:43,608 [Worker-8: Launching Executing install in D__Employee Project_employee-service] INFO  o.eclipse.m2e.core.internal.Bundles - 	Entry: D:\downloads\sts-4.24.0.RELEASE\plugins\org.eclipse.m2e.maven.runtime_3.9.700.20240602-2313\jars\wagon-http-3.5.3.jar
2024-10-29 12:08:43,608 [Worker-8: Launching Executing install in D__Employee Project_employee-service] INFO  o.eclipse.m2e.core.internal.Bundles - 	Entry: D:\downloads\sts-4.24.0.RELEASE\plugins\org.eclipse.m2e.maven.runtime_3.9.700.20240602-2313\jars\wagon-http-shared-3.5.3.jar
2024-10-29 12:08:43,608 [Worker-8: Launching Executing install in D__Employee Project_employee-service] INFO  o.eclipse.m2e.core.internal.Bundles - 	Entry: D:\downloads\sts-4.24.0.RELEASE\plugins\org.eclipse.m2e.maven.runtime_3.9.700.20240602-2313\jars\wagon-provider-api-3.5.3.jar
2024-10-29 12:08:43,609 [Worker-8: Launching Executing install in D__Employee Project_employee-service] INFO  o.eclipse.m2e.core.internal.Bundles - getClasspathEntries(Bundle=com.google.guava_33.2.0.jre [29])
2024-10-29 12:08:43,610 [Worker-8: Launching Executing install in D__Employee Project_employee-service] INFO  o.eclipse.m2e.core.internal.Bundles - 	Entry: D:\downloads\sts-4.24.0.RELEASE\plugins\com.google.guava_33.2.0.jre.jar
2024-10-29 12:08:43,610 [Worker-8: Launching Executing install in D__Employee Project_employee-service] INFO  o.eclipse.m2e.core.internal.Bundles - getClasspathEntries(Bundle=slf4j.api_2.0.13 [592])
2024-10-29 12:08:43,610 [Worker-8: Launching Executing install in D__Employee Project_employee-service] INFO  o.eclipse.m2e.core.internal.Bundles - 	Entry: D:\downloads\sts-4.24.0.RELEASE\plugins\slf4j.api_2.0.13.jar
2024-10-29 12:08:43,610 [Worker-8: Launching Executing install in D__Employee Project_employee-service] INFO  o.eclipse.m2e.core.internal.Bundles - getClasspathEntries(Bundle=jakarta.inject.jakarta.inject-api_1.0.5 [44])
2024-10-29 12:08:43,610 [Worker-8: Launching Executing install in D__Employee Project_employee-service] INFO  o.eclipse.m2e.core.internal.Bundles - 	Entry: D:\downloads\sts-4.24.0.RELEASE\plugins\jakarta.inject.jakarta.inject-api_1.0.5.jar
2024-10-29 12:08:43,610 [Worker-8: Launching Executing install in D__Employee Project_employee-service] INFO  o.eclipse.m2e.core.internal.Bundles - getClasspathEntries(Bundle=javax.annotation_1.3.5.v20200909-1856 [53])
2024-10-29 12:08:43,610 [Worker-8: Launching Executing install in D__Employee Project_employee-service] INFO  o.eclipse.m2e.core.internal.Bundles - 	Entry: D:\downloads\sts-4.24.0.RELEASE\plugins\javax.annotation_1.3.5.v20200909-1856.jar
2024-10-29 12:08:43,610 [Worker-8: Launching Executing install in D__Employee Project_employee-service] INFO  o.eclipse.m2e.core.internal.Bundles - getClasspathEntries(Bundle=org.apache.commons.cli_1.8.0 [76])
2024-10-29 12:08:43,610 [Worker-8: Launching Executing install in D__Employee Project_employee-service] INFO  o.eclipse.m2e.core.internal.Bundles - 	Entry: D:\downloads\sts-4.24.0.RELEASE\plugins\org.apache.commons.cli_1.8.0.jar
2024-10-29 12:08:43,610 [Worker-8: Launching Executing install in D__Employee Project_employee-service] INFO  o.eclipse.m2e.core.internal.Bundles - getClasspathEntries(Bundle=org.apache.commons.commons-codec_1.16.0 [78])
2024-10-29 12:08:43,610 [Worker-8: Launching Executing install in D__Employee Project_employee-service] INFO  o.eclipse.m2e.core.internal.Bundles - 	Entry: D:\downloads\sts-4.24.0.RELEASE\plugins\org.apache.commons.commons-codec_1.16.0.jar
2024-10-29 12:08:43,610 [Worker-8: Launching Executing install in D__Employee Project_employee-service] INFO  o.eclipse.m2e.core.internal.Bundles - getClasspathEntries(Bundle=org.apache.commons.lang3_3.14.0 [82])
2024-10-29 12:08:43,610 [Worker-8: Launching Executing install in D__Employee Project_employee-service] INFO  o.eclipse.m2e.core.internal.Bundles - 	Entry: D:\downloads\sts-4.24.0.RELEASE\plugins\org.apache.commons.lang3_3.14.0.jar
2024-10-29 12:08:43,610 [Worker-8: Launching Executing install in D__Employee Project_employee-service] INFO  o.eclipse.m2e.core.internal.Bundles - getClasspathEntries(Bundle=com.google.guava.failureaccess_1.0.2 [30])
2024-10-29 12:08:43,610 [Worker-8: Launching Executing install in D__Employee Project_employee-service] INFO  o.eclipse.m2e.core.internal.Bundles - 	Entry: D:\downloads\sts-4.24.0.RELEASE\plugins\com.google.guava.failureaccess_1.0.2.jar
2024-10-29 12:08:43,617 [Worker-8: Launching Executing install in D__Employee Project_employee-service] INFO  o.e.m.i.launch.MavenLaunchDelegate - Run build in "D:\Employee Project\employee-service":
2024-10-29 12:08:43,621 [Worker-8: Launching Executing install in D__Employee Project_employee-service] INFO  o.e.m.i.launch.MavenLaunchDelegate -  mvn  -Ppom.xml -B -Dstyle.color=always install
2024-10-29 16:22:39,322 [Worker-11: Building] INFO  o.a.m.s.f.DefaultMavenResourcesFiltering - Copying 1 resource from src\main\resources to target\classes
2024-10-29 16:22:39,336 [Worker-11: Building] INFO  o.a.m.s.f.DefaultMavenResourcesFiltering - Copying 0 resource from src\main\resources to target\classes
2024-10-29 16:22:39,340 [Worker-11: Building] INFO  o.a.m.s.f.DefaultMavenResourcesFiltering - skip non existing resourceDirectory D:\Employee Project\employee-service\src\test\resources
2024-10-29 16:22:47,220 [Worker-6: Launching Executing install in D__Employee Project_employee-service] INFO  o.eclipse.m2e.core.internal.Bundles - getClasspathEntries(Bundle=org.eclipse.m2e.maven.runtime_3.9.700.20240602-2313 [359])
2024-10-29 16:22:47,221 [Worker-6: Launching Executing install in D__Employee Project_employee-service] INFO  o.eclipse.m2e.core.internal.Bundles - 	Entry: D:\downloads\sts-4.24.0.RELEASE\plugins\org.eclipse.m2e.maven.runtime_3.9.700.20240602-2313
2024-10-29 16:22:47,221 [Worker-6: Launching Executing install in D__Employee Project_employee-service] INFO  o.eclipse.m2e.core.internal.Bundles - 	Entry: D:\downloads\sts-4.24.0.RELEASE\plugins\org.eclipse.m2e.maven.runtime_3.9.700.20240602-2313\jars\aopalliance-1.0.jar
2024-10-29 16:22:47,221 [Worker-6: Launching Executing install in D__Employee Project_employee-service] INFO  o.eclipse.m2e.core.internal.Bundles - 	Entry: D:\downloads\sts-4.24.0.RELEASE\plugins\org.eclipse.m2e.maven.runtime_3.9.700.20240602-2313\jars\guice-5.1.0.jar
2024-10-29 16:22:47,221 [Worker-6: Launching Executing install in D__Employee Project_employee-service] INFO  o.eclipse.m2e.core.internal.Bundles - 	Entry: D:\downloads\sts-4.24.0.RELEASE\plugins\org.eclipse.m2e.maven.runtime_3.9.700.20240602-2313\jars\httpclient-4.5.14.jar
2024-10-29 16:22:47,221 [Worker-6: Launching Executing install in D__Employee Project_employee-service] INFO  o.eclipse.m2e.core.internal.Bundles - 	Entry: D:\downloads\sts-4.24.0.RELEASE\plugins\org.eclipse.m2e.maven.runtime_3.9.700.20240602-2313\jars\httpcore-4.4.16.jar
2024-10-29 16:22:47,222 [Worker-6: Launching Executing install in D__Employee Project_employee-service] INFO  o.eclipse.m2e.core.internal.Bundles - 	Entry: D:\downloads\sts-4.24.0.RELEASE\plugins\org.eclipse.m2e.maven.runtime_3.9.700.20240602-2313\jars\jansi-2.4.1.jar
2024-10-29 16:22:47,222 [Worker-6: Launching Executing install in D__Employee Project_employee-service] INFO  o.eclipse.m2e.core.internal.Bundles - 	Entry: D:\downloads\sts-4.24.0.RELEASE\plugins\org.eclipse.m2e.maven.runtime_3.9.700.20240602-2313\jars\jcl-over-slf4j-1.7.36.jar
2024-10-29 16:22:47,222 [Worker-6: Launching Executing install in D__Employee Project_employee-service] INFO  o.eclipse.m2e.core.internal.Bundles - 	Entry: D:\downloads\sts-4.24.0.RELEASE\plugins\org.eclipse.m2e.maven.runtime_3.9.700.20240602-2313\jars\maven-artifact-3.9.7.jar
2024-10-29 16:22:47,222 [Worker-6: Launching Executing install in D__Employee Project_employee-service] INFO  o.eclipse.m2e.core.internal.Bundles - 	Entry: D:\downloads\sts-4.24.0.RELEASE\plugins\org.eclipse.m2e.maven.runtime_3.9.700.20240602-2313\jars\maven-builder-support-3.9.7.jar
2024-10-29 16:22:47,222 [Worker-6: Launching Executing install in D__Employee Project_employee-service] INFO  o.eclipse.m2e.core.internal.Bundles - 	Entry: D:\downloads\sts-4.24.0.RELEASE\plugins\org.eclipse.m2e.maven.runtime_3.9.700.20240602-2313\jars\maven-compat-3.9.7.jar
2024-10-29 16:22:47,222 [Worker-6: Launching Executing install in D__Employee Project_employee-service] INFO  o.eclipse.m2e.core.internal.Bundles - 	Entry: D:\downloads\sts-4.24.0.RELEASE\plugins\org.eclipse.m2e.maven.runtime_3.9.700.20240602-2313\jars\maven-core-3.9.7.jar
2024-10-29 16:22:47,222 [Worker-6: Launching Executing install in D__Employee Project_employee-service] INFO  o.eclipse.m2e.core.internal.Bundles - 	Entry: D:\downloads\sts-4.24.0.RELEASE\plugins\org.eclipse.m2e.maven.runtime_3.9.700.20240602-2313\jars\maven-embedder-3.9.7.jar
2024-10-29 16:22:47,222 [Worker-6: Launching Executing install in D__Employee Project_employee-service] INFO  o.eclipse.m2e.core.internal.Bundles - 	Entry: D:\downloads\sts-4.24.0.RELEASE\plugins\org.eclipse.m2e.maven.runtime_3.9.700.20240602-2313\jars\maven-model-3.9.7.jar
2024-10-29 16:22:47,222 [Worker-6: Launching Executing install in D__Employee Project_employee-service] INFO  o.eclipse.m2e.core.internal.Bundles - 	Entry: D:\downloads\sts-4.24.0.RELEASE\plugins\org.eclipse.m2e.maven.runtime_3.9.700.20240602-2313\jars\maven-model-builder-3.9.7.jar
2024-10-29 16:22:47,222 [Worker-6: Launching Executing install in D__Employee Project_employee-service] INFO  o.eclipse.m2e.core.internal.Bundles - 	Entry: D:\downloads\sts-4.24.0.RELEASE\plugins\org.eclipse.m2e.maven.runtime_3.9.700.20240602-2313\jars\maven-plugin-api-3.9.7.jar
2024-10-29 16:22:47,222 [Worker-6: Launching Executing install in D__Employee Project_employee-service] INFO  o.eclipse.m2e.core.internal.Bundles - 	Entry: D:\downloads\sts-4.24.0.RELEASE\plugins\org.eclipse.m2e.maven.runtime_3.9.700.20240602-2313\jars\maven-repository-metadata-3.9.7.jar
2024-10-29 16:22:47,222 [Worker-6: Launching Executing install in D__Employee Project_employee-service] INFO  o.eclipse.m2e.core.internal.Bundles - 	Entry: D:\downloads\sts-4.24.0.RELEASE\plugins\org.eclipse.m2e.maven.runtime_3.9.700.20240602-2313\jars\maven-resolver-api-1.9.20.jar
2024-10-29 16:22:47,222 [Worker-6: Launching Executing install in D__Employee Project_employee-service] INFO  o.eclipse.m2e.core.internal.Bundles - 	Entry: D:\downloads\sts-4.24.0.RELEASE\plugins\org.eclipse.m2e.maven.runtime_3.9.700.20240602-2313\jars\maven-resolver-connector-basic-1.9.20.jar
2024-10-29 16:22:47,222 [Worker-6: Launching Executing install in D__Employee Project_employee-service] INFO  o.eclipse.m2e.core.internal.Bundles - 	Entry: D:\downloads\sts-4.24.0.RELEASE\plugins\org.eclipse.m2e.maven.runtime_3.9.700.20240602-2313\jars\maven-resolver-impl-1.9.20.jar
2024-10-29 16:22:47,222 [Worker-6: Launching Executing install in D__Employee Project_employee-service] INFO  o.eclipse.m2e.core.internal.Bundles - 	Entry: D:\downloads\sts-4.24.0.RELEASE\plugins\org.eclipse.m2e.maven.runtime_3.9.700.20240602-2313\jars\maven-resolver-named-locks-1.9.20.jar
2024-10-29 16:22:47,222 [Worker-6: Launching Executing install in D__Employee Project_employee-service] INFO  o.eclipse.m2e.core.internal.Bundles - 	Entry: D:\downloads\sts-4.24.0.RELEASE\plugins\org.eclipse.m2e.maven.runtime_3.9.700.20240602-2313\jars\maven-resolver-provider-3.9.7.jar
2024-10-29 16:22:47,222 [Worker-6: Launching Executing install in D__Employee Project_employee-service] INFO  o.eclipse.m2e.core.internal.Bundles - 	Entry: D:\downloads\sts-4.24.0.RELEASE\plugins\org.eclipse.m2e.maven.runtime_3.9.700.20240602-2313\jars\maven-resolver-spi-1.9.20.jar
2024-10-29 16:22:47,222 [Worker-6: Launching Executing install in D__Employee Project_employee-service] INFO  o.eclipse.m2e.core.internal.Bundles - 	Entry: D:\downloads\sts-4.24.0.RELEASE\plugins\org.eclipse.m2e.maven.runtime_3.9.700.20240602-2313\jars\maven-resolver-transport-file-1.9.20.jar
2024-10-29 16:22:47,222 [Worker-6: Launching Executing install in D__Employee Project_employee-service] INFO  o.eclipse.m2e.core.internal.Bundles - 	Entry: D:\downloads\sts-4.24.0.RELEASE\plugins\org.eclipse.m2e.maven.runtime_3.9.700.20240602-2313\jars\maven-resolver-transport-http-1.9.20.jar
2024-10-29 16:22:47,222 [Worker-6: Launching Executing install in D__Employee Project_employee-service] INFO  o.eclipse.m2e.core.internal.Bundles - 	Entry: D:\downloads\sts-4.24.0.RELEASE\plugins\org.eclipse.m2e.maven.runtime_3.9.700.20240602-2313\jars\maven-resolver-transport-wagon-1.9.20.jar
2024-10-29 16:22:47,222 [Worker-6: Launching Executing install in D__Employee Project_employee-service] INFO  o.eclipse.m2e.core.internal.Bundles - 	Entry: D:\downloads\sts-4.24.0.RELEASE\plugins\org.eclipse.m2e.maven.runtime_3.9.700.20240602-2313\jars\maven-resolver-util-1.9.20.jar
2024-10-29 16:22:47,222 [Worker-6: Launching Executing install in D__Employee Project_employee-service] INFO  o.eclipse.m2e.core.internal.Bundles - 	Entry: D:\downloads\sts-4.24.0.RELEASE\plugins\org.eclipse.m2e.maven.runtime_3.9.700.20240602-2313\jars\maven-settings-3.9.7.jar
2024-10-29 16:22:47,222 [Worker-6: Launching Executing install in D__Employee Project_employee-service] INFO  o.eclipse.m2e.core.internal.Bundles - 	Entry: D:\downloads\sts-4.24.0.RELEASE\plugins\org.eclipse.m2e.maven.runtime_3.9.700.20240602-2313\jars\maven-settings-builder-3.9.7.jar
2024-10-29 16:22:47,223 [Worker-6: Launching Executing install in D__Employee Project_employee-service] INFO  o.eclipse.m2e.core.internal.Bundles - 	Entry: D:\downloads\sts-4.24.0.RELEASE\plugins\org.eclipse.m2e.maven.runtime_3.9.700.20240602-2313\jars\maven-shared-utils-3.4.2.jar
2024-10-29 16:22:47,223 [Worker-6: Launching Executing install in D__Employee Project_employee-service] INFO  o.eclipse.m2e.core.internal.Bundles - 	Entry: D:\downloads\sts-4.24.0.RELEASE\plugins\org.eclipse.m2e.maven.runtime_3.9.700.20240602-2313\jars\org.eclipse.sisu.inject-0.9.0.M2.jar
2024-10-29 16:22:47,223 [Worker-6: Launching Executing install in D__Employee Project_employee-service] INFO  o.eclipse.m2e.core.internal.Bundles - 	Entry: D:\downloads\sts-4.24.0.RELEASE\plugins\org.eclipse.m2e.maven.runtime_3.9.700.20240602-2313\jars\org.eclipse.sisu.plexus-0.9.0.M2.jar
2024-10-29 16:22:47,223 [Worker-6: Launching Executing install in D__Employee Project_employee-service] INFO  o.eclipse.m2e.core.internal.Bundles - 	Entry: D:\downloads\sts-4.24.0.RELEASE\plugins\org.eclipse.m2e.maven.runtime_3.9.700.20240602-2313\jars\plexus-build-api-0.0.7.jar
2024-10-29 16:22:47,224 [Worker-6: Launching Executing install in D__Employee Project_employee-service] INFO  o.eclipse.m2e.core.internal.Bundles - 	Entry: D:\downloads\sts-4.24.0.RELEASE\plugins\org.eclipse.m2e.maven.runtime_3.9.700.20240602-2313\jars\plexus-build-api-1.2.0.jar
2024-10-29 16:22:47,224 [Worker-6: Launching Executing install in D__Employee Project_employee-service] INFO  o.eclipse.m2e.core.internal.Bundles - 	Entry: D:\downloads\sts-4.24.0.RELEASE\plugins\org.eclipse.m2e.maven.runtime_3.9.700.20240602-2313\jars\plexus-cipher-2.0.jar
2024-10-29 16:22:47,224 [Worker-6: Launching Executing install in D__Employee Project_employee-service] INFO  o.eclipse.m2e.core.internal.Bundles - 	Entry: D:\downloads\sts-4.24.0.RELEASE\plugins\org.eclipse.m2e.maven.runtime_3.9.700.20240602-2313\jars\plexus-classworlds-2.8.0.jar
2024-10-29 16:22:47,225 [Worker-6: Launching Executing install in D__Employee Project_employee-service] INFO  o.eclipse.m2e.core.internal.Bundles - 	Entry: D:\downloads\sts-4.24.0.RELEASE\plugins\org.eclipse.m2e.maven.runtime_3.9.700.20240602-2313\jars\plexus-component-annotations-2.1.0.jar
2024-10-29 16:22:47,225 [Worker-6: Launching Executing install in D__Employee Project_employee-service] INFO  o.eclipse.m2e.core.internal.Bundles - 	Entry: D:\downloads\sts-4.24.0.RELEASE\plugins\org.eclipse.m2e.maven.runtime_3.9.700.20240602-2313\jars\plexus-interpolation-1.27.jar
2024-10-29 16:22:47,225 [Worker-6: Launching Executing install in D__Employee Project_employee-service] INFO  o.eclipse.m2e.core.internal.Bundles - 	Entry: D:\downloads\sts-4.24.0.RELEASE\plugins\org.eclipse.m2e.maven.runtime_3.9.700.20240602-2313\jars\plexus-sec-dispatcher-2.0.jar
2024-10-29 16:22:47,226 [Worker-6: Launching Executing install in D__Employee Project_employee-service] INFO  o.eclipse.m2e.core.internal.Bundles - 	Entry: D:\downloads\sts-4.24.0.RELEASE\plugins\org.eclipse.m2e.maven.runtime_3.9.700.20240602-2313\jars\plexus-utils-3.5.1.jar
2024-10-29 16:22:47,228 [Worker-6: Launching Executing install in D__Employee Project_employee-service] INFO  o.eclipse.m2e.core.internal.Bundles - 	Entry: D:\downloads\sts-4.24.0.RELEASE\plugins\org.eclipse.m2e.maven.runtime_3.9.700.20240602-2313\jars\wagon-file-3.5.3.jar
2024-10-29 16:22:47,229 [Worker-6: Launching Executing install in D__Employee Project_employee-service] INFO  o.eclipse.m2e.core.internal.Bundles - 	Entry: D:\downloads\sts-4.24.0.RELEASE\plugins\org.eclipse.m2e.maven.runtime_3.9.700.20240602-2313\jars\wagon-http-3.5.3.jar
2024-10-29 16:22:47,230 [Worker-6: Launching Executing install in D__Employee Project_employee-service] INFO  o.eclipse.m2e.core.internal.Bundles - 	Entry: D:\downloads\sts-4.24.0.RELEASE\plugins\org.eclipse.m2e.maven.runtime_3.9.700.20240602-2313\jars\wagon-http-shared-3.5.3.jar
2024-10-29 16:22:47,230 [Worker-6: Launching Executing install in D__Employee Project_employee-service] INFO  o.eclipse.m2e.core.internal.Bundles - 	Entry: D:\downloads\sts-4.24.0.RELEASE\plugins\org.eclipse.m2e.maven.runtime_3.9.700.20240602-2313\jars\wagon-provider-api-3.5.3.jar
2024-10-29 16:22:47,230 [Worker-6: Launching Executing install in D__Employee Project_employee-service] INFO  o.eclipse.m2e.core.internal.Bundles - getClasspathEntries(Bundle=com.google.guava_33.2.0.jre [29])
2024-10-29 16:22:47,231 [Worker-6: Launching Executing install in D__Employee Project_employee-service] INFO  o.eclipse.m2e.core.internal.Bundles - 	Entry: D:\downloads\sts-4.24.0.RELEASE\plugins\com.google.guava_33.2.0.jre.jar
2024-10-29 16:22:47,231 [Worker-6: Launching Executing install in D__Employee Project_employee-service] INFO  o.eclipse.m2e.core.internal.Bundles - getClasspathEntries(Bundle=slf4j.api_2.0.13 [592])
2024-10-29 16:22:47,231 [Worker-6: Launching Executing install in D__Employee Project_employee-service] INFO  o.eclipse.m2e.core.internal.Bundles - 	Entry: D:\downloads\sts-4.24.0.RELEASE\plugins\slf4j.api_2.0.13.jar
2024-10-29 16:22:47,231 [Worker-6: Launching Executing install in D__Employee Project_employee-service] INFO  o.eclipse.m2e.core.internal.Bundles - getClasspathEntries(Bundle=jakarta.inject.jakarta.inject-api_1.0.5 [44])
2024-10-29 16:22:47,232 [Worker-6: Launching Executing install in D__Employee Project_employee-service] INFO  o.eclipse.m2e.core.internal.Bundles - 	Entry: D:\downloads\sts-4.24.0.RELEASE\plugins\jakarta.inject.jakarta.inject-api_1.0.5.jar
2024-10-29 16:22:47,232 [Worker-6: Launching Executing install in D__Employee Project_employee-service] INFO  o.eclipse.m2e.core.internal.Bundles - getClasspathEntries(Bundle=javax.annotation_1.3.5.v20200909-1856 [53])
2024-10-29 16:22:47,232 [Worker-6: Launching Executing install in D__Employee Project_employee-service] INFO  o.eclipse.m2e.core.internal.Bundles - 	Entry: D:\downloads\sts-4.24.0.RELEASE\plugins\javax.annotation_1.3.5.v20200909-1856.jar
2024-10-29 16:22:47,232 [Worker-6: Launching Executing install in D__Employee Project_employee-service] INFO  o.eclipse.m2e.core.internal.Bundles - getClasspathEntries(Bundle=org.apache.commons.cli_1.8.0 [76])
2024-10-29 16:22:47,232 [Worker-6: Launching Executing install in D__Employee Project_employee-service] INFO  o.eclipse.m2e.core.internal.Bundles - 	Entry: D:\downloads\sts-4.24.0.RELEASE\plugins\org.apache.commons.cli_1.8.0.jar
2024-10-29 16:22:47,232 [Worker-6: Launching Executing install in D__Employee Project_employee-service] INFO  o.eclipse.m2e.core.internal.Bundles - getClasspathEntries(Bundle=org.apache.commons.commons-codec_1.16.0 [78])
2024-10-29 16:22:47,232 [Worker-6: Launching Executing install in D__Employee Project_employee-service] INFO  o.eclipse.m2e.core.internal.Bundles - 	Entry: D:\downloads\sts-4.24.0.RELEASE\plugins\org.apache.commons.commons-codec_1.16.0.jar
2024-10-29 16:22:47,232 [Worker-6: Launching Executing install in D__Employee Project_employee-service] INFO  o.eclipse.m2e.core.internal.Bundles - getClasspathEntries(Bundle=org.apache.commons.lang3_3.14.0 [82])
2024-10-29 16:22:47,232 [Worker-6: Launching Executing install in D__Employee Project_employee-service] INFO  o.eclipse.m2e.core.internal.Bundles - 	Entry: D:\downloads\sts-4.24.0.RELEASE\plugins\org.apache.commons.lang3_3.14.0.jar
2024-10-29 16:22:47,232 [Worker-6: Launching Executing install in D__Employee Project_employee-service] INFO  o.eclipse.m2e.core.internal.Bundles - getClasspathEntries(Bundle=com.google.guava.failureaccess_1.0.2 [30])
2024-10-29 16:22:47,232 [Worker-6: Launching Executing install in D__Employee Project_employee-service] INFO  o.eclipse.m2e.core.internal.Bundles - 	Entry: D:\downloads\sts-4.24.0.RELEASE\plugins\com.google.guava.failureaccess_1.0.2.jar
2024-10-29 16:22:47,235 [Worker-6: Launching Executing install in D__Employee Project_employee-service] INFO  o.e.m.i.launch.MavenLaunchDelegate - Run build in "D:\Employee Project\employee-service":
2024-10-29 16:22:47,235 [Worker-6: Launching Executing install in D__Employee Project_employee-service] INFO  o.e.m.i.launch.MavenLaunchDelegate -  mvn  -Ppom.xml -B -Dstyle.color=always install
2024-10-29 16:25:27,945 [Worker-1: Building] INFO  o.a.m.s.f.DefaultMavenResourcesFiltering - Copying 1 resource from src\main\resources to target\classes
2024-10-29 16:25:27,954 [Worker-1: Building] INFO  o.a.m.s.f.DefaultMavenResourcesFiltering - Copying 0 resource from src\main\resources to target\classes
2024-10-29 16:25:27,961 [Worker-1: Building] INFO  o.a.m.s.f.DefaultMavenResourcesFiltering - skip non existing resourceDirectory D:\Employee Project\employee-service\src\test\resources
2024-10-29 16:29:44,142 [Worker-16: Building] INFO  o.a.m.s.f.DefaultMavenResourcesFiltering - Copying 1 resource from src\main\resources to target\classes
2024-10-29 16:29:44,146 [Worker-16: Building] INFO  o.a.m.s.f.DefaultMavenResourcesFiltering - Copying 0 resource from src\main\resources to target\classes
2024-10-29 16:29:44,149 [Worker-16: Building] INFO  o.a.m.s.f.DefaultMavenResourcesFiltering - skip non existing resourceDirectory D:\Employee Project\employee-service\src\test\resources
2024-10-29 16:31:36,768 [Worker-1: Building] INFO  o.a.m.s.f.DefaultMavenResourcesFiltering - Copying 1 resource from src\main\resources to target\classes
2024-10-29 16:31:36,772 [Worker-1: Building] INFO  o.a.m.s.f.DefaultMavenResourcesFiltering - Copying 0 resource from src\main\resources to target\classes
2024-10-29 16:31:36,780 [Worker-1: Building] INFO  o.a.m.s.f.DefaultMavenResourcesFiltering - skip non existing resourceDirectory D:\Employee Project\employee-service\src\test\resources
2024-10-29 16:32:46,416 [Worker-11: Building] INFO  o.a.m.s.f.DefaultMavenResourcesFiltering - Copying 1 resource from src\main\resources to target\classes
2024-10-29 16:32:46,423 [Worker-11: Building] INFO  o.a.m.s.f.DefaultMavenResourcesFiltering - Copying 0 resource from src\main\resources to target\classes
2024-10-29 16:32:46,428 [Worker-11: Building] INFO  o.a.m.s.f.DefaultMavenResourcesFiltering - skip non existing resourceDirectory D:\Employee Project\employee-service\src\test\resources
2024-10-29 16:33:43,271 [Worker-11: Building] INFO  o.a.m.s.f.DefaultMavenResourcesFiltering - Copying 1 resource from src\main\resources to target\classes
2024-10-29 16:33:43,277 [Worker-11: Building] INFO  o.a.m.s.f.DefaultMavenResourcesFiltering - Copying 0 resource from src\main\resources to target\classes
2024-10-29 16:33:43,280 [Worker-11: Building] INFO  o.a.m.s.f.DefaultMavenResourcesFiltering - skip non existing resourceDirectory D:\Employee Project\employee-service\src\test\resources
2024-10-29 16:34:31,517 [Worker-17: Building] INFO  o.a.m.s.f.DefaultMavenResourcesFiltering - Copying 1 resource from src\main\resources to target\classes
2024-10-29 16:34:31,523 [Worker-17: Building] INFO  o.a.m.s.f.DefaultMavenResourcesFiltering - Copying 0 resource from src\main\resources to target\classes
2024-10-29 16:34:31,528 [Worker-17: Building] INFO  o.a.m.s.f.DefaultMavenResourcesFiltering - skip non existing resourceDirectory D:\Employee Project\employee-service\src\test\resources
2024-10-29 16:35:01,513 [Worker-17: Building] INFO  o.a.m.s.f.DefaultMavenResourcesFiltering - Copying 1 resource from src\main\resources to target\classes
2024-10-29 16:35:01,516 [Worker-17: Building] INFO  o.a.m.s.f.DefaultMavenResourcesFiltering - Copying 0 resource from src\main\resources to target\classes
2024-10-29 16:35:01,521 [Worker-17: Building] INFO  o.a.m.s.f.DefaultMavenResourcesFiltering - skip non existing resourceDirectory D:\Employee Project\employee-service\src\test\resources
2024-10-29 16:37:19,445 [Worker-16: Building] INFO  o.a.m.s.f.DefaultMavenResourcesFiltering - Copying 1 resource from src\main\resources to target\classes
2024-10-29 16:37:19,460 [Worker-16: Building] INFO  o.a.m.s.f.DefaultMavenResourcesFiltering - Copying 0 resource from src\main\resources to target\classes
2024-10-29 16:37:19,464 [Worker-16: Building] INFO  o.a.m.s.f.DefaultMavenResourcesFiltering - skip non existing resourceDirectory D:\Employee Project\employee-service\src\test\resources
2024-10-29 16:39:03,469 [Worker-17: Building] INFO  o.a.m.s.f.DefaultMavenResourcesFiltering - Copying 1 resource from src\main\resources to target\classes
2024-10-29 16:39:03,474 [Worker-17: Building] INFO  o.a.m.s.f.DefaultMavenResourcesFiltering - Copying 0 resource from src\main\resources to target\classes
2024-10-29 16:39:03,483 [Worker-17: Building] INFO  o.a.m.s.f.DefaultMavenResourcesFiltering - skip non existing resourceDirectory D:\Employee Project\employee-service\src\test\resources
2024-10-29 16:39:40,979 [Worker-19: Building] INFO  o.a.m.s.f.DefaultMavenResourcesFiltering - Copying 1 resource from src\main\resources to target\classes
2024-10-29 16:39:40,993 [Worker-19: Building] INFO  o.a.m.s.f.DefaultMavenResourcesFiltering - Copying 0 resource from src\main\resources to target\classes
2024-10-29 16:39:40,995 [Worker-19: Building] INFO  o.a.m.s.f.DefaultMavenResourcesFiltering - skip non existing resourceDirectory D:\Employee Project\employee-service\src\test\resources
2024-10-29 16:41:21,212 [Worker-17: Building] INFO  o.a.m.s.f.DefaultMavenResourcesFiltering - Copying 1 resource from src\main\resources to target\classes
2024-10-29 16:41:21,216 [Worker-17: Building] INFO  o.a.m.s.f.DefaultMavenResourcesFiltering - Copying 0 resource from src\main\resources to target\classes
2024-10-29 16:41:21,219 [Worker-17: Building] INFO  o.a.m.s.f.DefaultMavenResourcesFiltering - skip non existing resourceDirectory D:\Employee Project\employee-service\src\test\resources
2024-10-29 16:44:59,083 [Worker-19: Building] INFO  o.a.m.s.f.DefaultMavenResourcesFiltering - Copying 1 resource from src\main\resources to target\classes
2024-10-29 16:44:59,091 [Worker-19: Building] INFO  o.a.m.s.f.DefaultMavenResourcesFiltering - Copying 0 resource from src\main\resources to target\classes
2024-10-29 16:44:59,094 [Worker-19: Building] INFO  o.a.m.s.f.DefaultMavenResourcesFiltering - skip non existing resourceDirectory D:\Employee Project\employee-service\src\test\resources
2024-10-29 16:45:18,994 [Worker-10: Building] INFO  o.a.m.s.f.DefaultMavenResourcesFiltering - Copying 1 resource from src\main\resources to target\classes
2024-10-29 16:45:19,000 [Worker-10: Building] INFO  o.a.m.s.f.DefaultMavenResourcesFiltering - Copying 0 resource from src\main\resources to target\classes
2024-10-29 16:45:19,003 [Worker-10: Building] INFO  o.a.m.s.f.DefaultMavenResourcesFiltering - skip non existing resourceDirectory D:\Employee Project\employee-service\src\test\resources
2024-10-29 16:45:48,860 [Worker-18: Building] INFO  o.a.m.s.f.DefaultMavenResourcesFiltering - Copying 1 resource from src\main\resources to target\classes
2024-10-29 16:45:48,864 [Worker-18: Building] INFO  o.a.m.s.f.DefaultMavenResourcesFiltering - Copying 0 resource from src\main\resources to target\classes
2024-10-29 16:45:48,866 [Worker-18: Building] INFO  o.a.m.s.f.DefaultMavenResourcesFiltering - skip non existing resourceDirectory D:\Employee Project\employee-service\src\test\resources
2024-10-29 16:48:28,199 [Worker-20: Building] INFO  o.a.m.s.f.DefaultMavenResourcesFiltering - Copying 1 resource from src\main\resources to target\classes
2024-10-29 16:48:28,203 [Worker-20: Building] INFO  o.a.m.s.f.DefaultMavenResourcesFiltering - Copying 0 resource from src\main\resources to target\classes
2024-10-29 16:48:28,206 [Worker-20: Building] INFO  o.a.m.s.f.DefaultMavenResourcesFiltering - skip non existing resourceDirectory D:\Employee Project\employee-service\src\test\resources
2024-10-29 16:49:28,565 [Worker-20: Building] INFO  o.a.m.s.f.DefaultMavenResourcesFiltering - Copying 1 resource from src\main\resources to target\classes
2024-10-29 16:49:28,575 [Worker-20: Building] INFO  o.a.m.s.f.DefaultMavenResourcesFiltering - Copying 0 resource from src\main\resources to target\classes
2024-10-29 16:49:28,577 [Worker-20: Building] INFO  o.a.m.s.f.DefaultMavenResourcesFiltering - skip non existing resourceDirectory D:\Employee Project\employee-service\src\test\resources
2024-10-29 16:51:22,696 [Worker-18: Building] INFO  o.a.m.s.f.DefaultMavenResourcesFiltering - Copying 1 resource from src\main\resources to target\classes
2024-10-29 16:51:22,700 [Worker-18: Building] INFO  o.a.m.s.f.DefaultMavenResourcesFiltering - Copying 0 resource from src\main\resources to target\classes
2024-10-29 16:51:22,702 [Worker-18: Building] INFO  o.a.m.s.f.DefaultMavenResourcesFiltering - skip non existing resourceDirectory D:\Employee Project\employee-service\src\test\resources
2024-10-29 16:53:16,946 [Worker-18: Building] INFO  o.a.m.s.f.DefaultMavenResourcesFiltering - Copying 1 resource from src\main\resources to target\classes
2024-10-29 16:53:16,953 [Worker-18: Building] INFO  o.a.m.s.f.DefaultMavenResourcesFiltering - Copying 0 resource from src\main\resources to target\classes
2024-10-29 16:53:17,036 [Worker-18: Building] INFO  o.a.m.s.f.DefaultMavenResourcesFiltering - skip non existing resourceDirectory D:\Employee Project\employee-service\src\test\resources
2024-10-29 16:55:24,517 [Worker-18: Building] INFO  o.a.m.s.f.DefaultMavenResourcesFiltering - Copying 1 resource from src\main\resources to target\classes
2024-10-29 16:55:24,520 [Worker-18: Building] INFO  o.a.m.s.f.DefaultMavenResourcesFiltering - Copying 0 resource from src\main\resources to target\classes
2024-10-29 16:55:24,523 [Worker-18: Building] INFO  o.a.m.s.f.DefaultMavenResourcesFiltering - skip non existing resourceDirectory D:\Employee Project\employee-service\src\test\resources
2024-10-29 16:55:40,653 [Worker-22: Building] INFO  o.a.m.s.f.DefaultMavenResourcesFiltering - Copying 1 resource from src\main\resources to target\classes
2024-10-29 16:55:40,657 [Worker-22: Building] INFO  o.a.m.s.f.DefaultMavenResourcesFiltering - Copying 0 resource from src\main\resources to target\classes
2024-10-29 16:55:40,660 [Worker-22: Building] INFO  o.a.m.s.f.DefaultMavenResourcesFiltering - skip non existing resourceDirectory D:\Employee Project\employee-service\src\test\resources
2024-10-29 17:00:16,020 [Worker-10: Building] INFO  o.a.m.s.f.DefaultMavenResourcesFiltering - Copying 1 resource from src\main\resources to target\classes
2024-10-29 17:00:16,026 [Worker-10: Building] INFO  o.a.m.s.f.DefaultMavenResourcesFiltering - Copying 0 resource from src\main\resources to target\classes
2024-10-29 17:00:16,029 [Worker-10: Building] INFO  o.a.m.s.f.DefaultMavenResourcesFiltering - skip non existing resourceDirectory D:\Employee Project\employee-service\src\test\resources
2024-10-29 17:05:41,258 [Worker-32: Building] INFO  o.a.m.s.f.DefaultMavenResourcesFiltering - Copying 1 resource from src\main\resources to target\classes
2024-10-29 17:05:41,264 [Worker-32: Building] INFO  o.a.m.s.f.DefaultMavenResourcesFiltering - Copying 0 resource from src\main\resources to target\classes
2024-10-29 17:05:41,266 [Worker-32: Building] INFO  o.a.m.s.f.DefaultMavenResourcesFiltering - skip non existing resourceDirectory D:\Employee Project\employee-service\src\test\resources
2024-10-29 17:07:32,664 [Worker-33: Building] INFO  o.a.m.s.f.DefaultMavenResourcesFiltering - Copying 1 resource from src\main\resources to target\classes
2024-10-29 17:07:32,670 [Worker-33: Building] INFO  o.a.m.s.f.DefaultMavenResourcesFiltering - Copying 0 resource from src\main\resources to target\classes
2024-10-29 17:07:32,672 [Worker-33: Building] INFO  o.a.m.s.f.DefaultMavenResourcesFiltering - skip non existing resourceDirectory D:\Employee Project\employee-service\src\test\resources
2024-10-30 10:11:04,776 [Worker-7: Loading available Gradle versions] INFO  o.e.b.c.i.u.g.PublishedGradleVersions - Gradle version information cache is up-to-date. Trying to read.
2024-10-30 10:13:20,108 [Worker-14: Building Workspace] INFO  o.a.m.s.f.DefaultMavenResourcesFiltering - Copying 1 resource from src\main\resources to target\classes
2024-10-30 10:13:20,130 [Worker-14: Building Workspace] INFO  o.a.m.s.f.DefaultMavenResourcesFiltering - Copying 0 resource from src\main\resources to target\classes
2024-10-30 10:13:20,134 [Worker-14: Building Workspace] INFO  o.a.m.s.f.DefaultMavenResourcesFiltering - skip non existing resourceDirectory D:\Employee Project\employee-service\src\test\resources
2024-10-30 10:42:30,629 [Worker-20: Building] INFO  o.a.m.s.f.DefaultMavenResourcesFiltering - Copying 1 resource from src\main\resources to target\classes
2024-10-30 10:42:30,631 [Worker-20: Building] INFO  o.a.m.s.f.DefaultMavenResourcesFiltering - Copying 0 resource from src\main\resources to target\classes
2024-10-30 10:42:30,633 [Worker-20: Building] INFO  o.a.m.s.f.DefaultMavenResourcesFiltering - skip non existing resourceDirectory D:\Employee Project\employee-service\src\test\resources
2024-10-30 10:42:44,817 [Worker-10: Updating Maven Project] INFO  o.e.m.c.i.p.ProjectConfigurationManager - Update started
2024-10-30 10:42:47,396 [Worker-10: Updating Maven Project] INFO  o.e.m.c.i.l.LifecycleMappingFactory - Using org.eclipse.m2e.jdt.JarLifecycleMapping lifecycle mapping for MavenProject: com.employee:employee-service:0.0.1-SNAPSHOT @ D:\Employee Project\employee-service\pom.xml.
2024-10-30 10:42:49,578 [Worker-10: Updating Maven Project] INFO  o.e.m.j.i.AbstractJavaProjectConfigurator - Adding source folder /employee-service/src/main/java
2024-10-30 10:42:49,579 [Worker-10: Updating Maven Project] INFO  o.e.m.j.i.AbstractJavaProjectConfigurator - Adding resource folder /employee-service/src/main/resources
2024-10-30 10:42:49,579 [Worker-10: Updating Maven Project] INFO  o.e.m.j.i.AbstractJavaProjectConfigurator - Adding resource folder /employee-service/src/main/resources
2024-10-30 10:42:49,581 [Worker-10: Updating Maven Project] INFO  o.e.m.j.i.AbstractJavaProjectConfigurator - Adding source folder /employee-service/src/test/java
2024-10-30 10:42:49,581 [Worker-10: Updating Maven Project] INFO  o.e.m.j.i.AbstractJavaProjectConfigurator - Adding resource folder /employee-service/src/test/resources
2024-10-30 10:42:49,887 [Worker-10: Updating Maven Project] INFO  o.e.m.c.i.p.ProjectConfigurationManager - Update completed for 1 poms: local refresh takes 0.00 sec, refresh facades takes 4.00 sec, update config takes 0.00 sec 
2024-10-30 10:42:50,293 [Worker-21: Building] INFO  o.a.m.s.f.DefaultMavenResourcesFiltering - Copying 1 resource from src\main\resources to target\classes
2024-10-30 10:42:50,339 [Worker-21: Building] INFO  o.a.m.s.f.DefaultMavenResourcesFiltering - Copying 0 resource from src\main\resources to target\classes
2024-10-30 10:42:50,343 [Worker-21: Building] INFO  o.a.m.s.f.DefaultMavenResourcesFiltering - skip non existing resourceDirectory D:\Employee Project\employee-service\src\test\resources
2024-10-30 12:08:43,988 [Worker-1: Loading available Gradle versions] INFO  o.e.b.c.i.u.g.PublishedGradleVersions - Gradle version information cache is out-of-date. Trying to update.
2024-10-30 12:47:47,167 [Worker-21: Launching employee-service - EmployeeServiceApplication] INFO  o.a.m.s.f.DefaultMavenResourcesFiltering - Copying 1 resource from src\main\resources to target\classes
2024-10-30 12:47:47,192 [Worker-21: Launching employee-service - EmployeeServiceApplication] INFO  o.a.m.s.f.DefaultMavenResourcesFiltering - Copying 0 resource from src\main\resources to target\classes
2024-10-30 12:47:47,197 [Worker-21: Launching employee-service - EmployeeServiceApplication] INFO  o.a.m.s.f.DefaultMavenResourcesFiltering - skip non existing resourceDirectory D:\Employee Project\employee-service\src\test\resources
2024-10-30 12:51:45,484 [Worker-22: Building] INFO  o.a.m.s.f.DefaultMavenResourcesFiltering - Copying 1 resource from src\main\resources to target\classes
2024-10-30 12:51:45,490 [Worker-22: Building] INFO  o.a.m.s.f.DefaultMavenResourcesFiltering - Copying 0 resource from src\main\resources to target\classes
2024-10-30 12:51:45,492 [Worker-22: Building] INFO  o.a.m.s.f.DefaultMavenResourcesFiltering - skip non existing resourceDirectory D:\Employee Project\employee-service\src\test\resources
2024-10-31 07:27:41,820 [Worker-4: Loading available Gradle versions] INFO  o.e.b.c.i.u.g.PublishedGradleVersions - Gradle version information cache is up-to-date. Trying to read.
2024-10-31 07:29:58,937 [Worker-7: Building] INFO  o.a.m.s.f.DefaultMavenResourcesFiltering - Copying 1 resource from src\main\resources to target\classes
2024-10-31 07:29:58,988 [Worker-7: Building] INFO  o.a.m.s.f.DefaultMavenResourcesFiltering - Copying 0 resource from src\main\resources to target\classes
2024-10-31 07:29:58,999 [Worker-7: Building] INFO  o.a.m.s.f.DefaultMavenResourcesFiltering - skip non existing resourceDirectory D:\Employee Project\employee-service\src\test\resources
2024-10-31 07:38:25,272 [Worker-12: Building] INFO  o.a.m.s.f.DefaultMavenResourcesFiltering - Copying 1 resource from src\main\resources to target\classes
2024-10-31 07:38:25,278 [Worker-12: Building] INFO  o.a.m.s.f.DefaultMavenResourcesFiltering - Copying 0 resource from src\main\resources to target\classes
2024-10-31 07:38:25,282 [Worker-12: Building] INFO  o.a.m.s.f.DefaultMavenResourcesFiltering - skip non existing resourceDirectory D:\Employee Project\employee-service\src\test\resources
2024-10-31 07:44:16,129 [Worker-16: Building] INFO  o.a.m.s.f.DefaultMavenResourcesFiltering - Copying 1 resource from src\main\resources to target\classes
2024-10-31 07:44:16,135 [Worker-16: Building] INFO  o.a.m.s.f.DefaultMavenResourcesFiltering - Copying 0 resource from src\main\resources to target\classes
2024-10-31 07:44:16,138 [Worker-16: Building] INFO  o.a.m.s.f.DefaultMavenResourcesFiltering - skip non existing resourceDirectory D:\Employee Project\employee-service\src\test\resources
2024-10-31 07:47:58,946 [Worker-13: Building] INFO  o.a.m.s.f.DefaultMavenResourcesFiltering - Copying 1 resource from src\main\resources to target\classes
2024-10-31 07:47:58,951 [Worker-13: Building] INFO  o.a.m.s.f.DefaultMavenResourcesFiltering - Copying 0 resource from src\main\resources to target\classes
2024-10-31 07:47:58,954 [Worker-13: Building] INFO  o.a.m.s.f.DefaultMavenResourcesFiltering - skip non existing resourceDirectory D:\Employee Project\employee-service\src\test\resources
2024-10-31 07:52:24,123 [Worker-15: Building] INFO  o.a.m.s.f.DefaultMavenResourcesFiltering - Copying 1 resource from src\main\resources to target\classes
2024-10-31 07:52:24,129 [Worker-15: Building] INFO  o.a.m.s.f.DefaultMavenResourcesFiltering - Copying 0 resource from src\main\resources to target\classes
2024-10-31 07:52:24,132 [Worker-15: Building] INFO  o.a.m.s.f.DefaultMavenResourcesFiltering - skip non existing resourceDirectory D:\Employee Project\employee-service\src\test\resources
2024-10-31 07:52:34,264 [Worker-22: Building] INFO  o.a.m.s.f.DefaultMavenResourcesFiltering - Copying 1 resource from src\main\resources to target\classes
2024-10-31 07:52:34,270 [Worker-22: Building] INFO  o.a.m.s.f.DefaultMavenResourcesFiltering - Copying 0 resource from src\main\resources to target\classes
2024-10-31 07:52:34,272 [Worker-22: Building] INFO  o.a.m.s.f.DefaultMavenResourcesFiltering - skip non existing resourceDirectory D:\Employee Project\employee-service\src\test\resources
2024-10-31 07:52:48,219 [Worker-21: Updating Maven Project] INFO  o.e.m.c.i.p.ProjectConfigurationManager - Update started
2024-10-31 07:52:50,655 [Worker-21: Updating Maven Project] INFO  o.e.m.c.i.l.LifecycleMappingFactory - Using org.eclipse.m2e.jdt.JarLifecycleMapping lifecycle mapping for MavenProject: com.employee:employee-service:0.0.1-SNAPSHOT @ D:\Employee Project\employee-service\pom.xml.
2024-10-31 07:52:52,587 [Worker-21: Updating Maven Project] INFO  o.e.m.j.i.AbstractJavaProjectConfigurator - Adding source folder /employee-service/src/main/java
2024-10-31 07:52:52,588 [Worker-21: Updating Maven Project] INFO  o.e.m.j.i.AbstractJavaProjectConfigurator - Adding resource folder /employee-service/src/main/resources
2024-10-31 07:52:52,589 [Worker-21: Updating Maven Project] INFO  o.e.m.j.i.AbstractJavaProjectConfigurator - Adding resource folder /employee-service/src/main/resources
2024-10-31 07:52:52,589 [Worker-21: Updating Maven Project] INFO  o.e.m.j.i.AbstractJavaProjectConfigurator - Adding source folder /employee-service/src/test/java
2024-10-31 07:52:52,589 [Worker-21: Updating Maven Project] INFO  o.e.m.j.i.AbstractJavaProjectConfigurator - Adding resource folder /employee-service/src/test/resources
2024-10-31 07:52:52,876 [Worker-21: Updating Maven Project] INFO  o.e.m.c.i.p.ProjectConfigurationManager - Update completed for 1 poms: local refresh takes 0.00 sec, refresh facades takes 4.00 sec, update config takes 0.00 sec 
2024-10-31 07:52:53,299 [Worker-20: Building] INFO  o.a.m.s.f.DefaultMavenResourcesFiltering - Copying 1 resource from src\main\resources to target\classes
2024-10-31 07:52:53,309 [Worker-20: Building] INFO  o.a.m.s.f.DefaultMavenResourcesFiltering - Copying 0 resource from src\main\resources to target\classes
2024-10-31 07:52:53,313 [Worker-20: Building] INFO  o.a.m.s.f.DefaultMavenResourcesFiltering - skip non existing resourceDirectory D:\Employee Project\employee-service\src\test\resources
2024-10-31 07:56:33,752 [Worker-26: Building] INFO  o.a.m.s.f.DefaultMavenResourcesFiltering - Copying 1 resource from src\main\resources to target\classes
2024-10-31 07:56:33,756 [Worker-26: Building] INFO  o.a.m.s.f.DefaultMavenResourcesFiltering - Copying 0 resource from src\main\resources to target\classes
2024-10-31 07:56:33,758 [Worker-26: Building] INFO  o.a.m.s.f.DefaultMavenResourcesFiltering - skip non existing resourceDirectory D:\Employee Project\employee-service\src\test\resources
2024-10-31 17:30:32,244 [Worker-1: Loading available Gradle versions] INFO  o.e.b.c.i.u.g.PublishedGradleVersions - Gradle version information cache is out-of-date. Trying to update.
2024-10-31 18:14:36,095 [Worker-17: Building] INFO  o.a.m.s.f.DefaultMavenResourcesFiltering - Copying 1 resource from src\main\resources to target\classes
2024-10-31 18:14:36,116 [Worker-17: Building] INFO  o.a.m.s.f.DefaultMavenResourcesFiltering - Copying 0 resource from src\main\resources to target\classes
2024-10-31 18:14:36,122 [Worker-17: Building] INFO  o.a.m.s.f.DefaultMavenResourcesFiltering - skip non existing resourceDirectory D:\Employee Project\employee-service\src\test\resources
2024-11-01 11:13:07,712 [Worker-3: Loading available Gradle versions] INFO  o.e.b.c.i.u.g.PublishedGradleVersions - Gradle version information cache is up-to-date. Trying to read.
2024-11-01 11:13:16,850 [Worker-7: Building] INFO  o.a.m.s.f.DefaultMavenResourcesFiltering - Copying 1 resource from src\main\resources to target\classes
2024-11-01 11:13:16,902 [Worker-7: Building] INFO  o.a.m.s.f.DefaultMavenResourcesFiltering - Copying 0 resource from src\main\resources to target\classes
2024-11-01 11:13:16,918 [Worker-7: Building] INFO  o.a.m.s.f.DefaultMavenResourcesFiltering - skip non existing resourceDirectory D:\Employee Project\employee-service\src\test\resources
2024-11-02 17:32:35,082 [Worker-7: Loading available Gradle versions] INFO  o.e.b.c.i.u.g.PublishedGradleVersions - Gradle version information cache is out-of-date. Trying to update.
